TpTrace Verbose: 0 : 604, 1, 2024/10/12, 08:09:09.080, 507940711792, vstest.console.dll, Version: 17.11.0-release-24352-05 Current process architecture: X64
TpTrace Verbose: 0 : 604, 1, 2024/10/12, 08:09:09.086, 507940772374, vstest.console.dll, Runtime location: C:\Program Files\dotnet\shared\Microsoft.NETCore.App\8.0.8
TpTrace Verbose: 0 : 604, 1, 2024/10/12, 08:09:09.094, 507940849879, vstest.console.dll, ArtifactProcessingPostProcessModeProcessorExecutor.Initialize: ArtifactProcessingMode.Collect
TpTrace Verbose: 0 : 604, 1, 2024/10/12, 08:09:09.094, 507940852107, vstest.console.dll, TestSessionCorrelationIdProcessorModeProcessorExecutor.Initialize: TestSessionCorrelationId '3136_dcf3f102-8a73-489f-91fb-c0c89256cb0a'
TpTrace Information: 0 : 604, 1, 2024/10/12, 08:09:09.106, 507940977251, vstest.console.dll, FilePatternParser: The given file C:\Users\komet\source\repos\Debug_Lab6\Test_Project\bin\Debug\net8.0\fine-code-coverage\build-output\Test_Project.dll is a full path.
TpTrace Verbose: 0 : 604, 1, 2024/10/12, 08:09:09.122, 507941130505, vstest.console.dll, TestPluginCache.DiscoverTestExtensions: finding test extensions in assemblies ends with: RuntimeProvider.dll TPluginInfo: Microsoft.VisualStudio.TestPlatform.Common.ExtensionFramework.Utilities.TestRuntimePluginInformation TExtension: Microsoft.VisualStudio.TestPlatform.ObjectModel.Host.ITestRuntimeProvider
TpTrace Verbose: 0 : 604, 1, 2024/10/12, 08:09:09.125, 507941159938, vstest.console.dll, TestPluginCache.GetExtensionPaths: Filtered extension paths: 
TpTrace Verbose: 0 : 604, 1, 2024/10/12, 08:09:09.125, 507941161910, vstest.console.dll, TestPluginCache.GetExtensionPaths: Added default extension paths: C:\Program Files\dotnet\sdk\8.0.400\Extensions\Microsoft.Diagnostics.NETCore.Client.dll
C:\Program Files\dotnet\sdk\8.0.400\Extensions\Microsoft.TestPlatform.Extensions.BlameDataCollector.dll
C:\Program Files\dotnet\sdk\8.0.400\Extensions\Microsoft.TestPlatform.Extensions.EventLogCollector.dll
C:\Program Files\dotnet\sdk\8.0.400\Extensions\Microsoft.TestPlatform.TestHostRuntimeProvider.dll
C:\Program Files\dotnet\sdk\8.0.400\Extensions\Microsoft.VisualStudio.TestPlatform.Extensions.Html.TestLogger.dll
C:\Program Files\dotnet\sdk\8.0.400\Extensions\Microsoft.VisualStudio.TestPlatform.Extensions.Trx.TestLogger.dll
TpTrace Verbose: 0 : 604, 1, 2024/10/12, 08:09:09.125, 507941162267, vstest.console.dll, TestPluginCache.GetExtensionPaths: Added unfilterableExtensionPaths: 
TpTrace Information: 0 : 604, 1, 2024/10/12, 08:09:09.126, 507941169985, vstest.console.dll, AssemblyResolver.ctor: Creating AssemblyResolver with searchDirectories C:\Program Files\dotnet\sdk\8.0.400\Extensions,C:\Program Files\dotnet\sdk\8.0.400
TpTrace Verbose: 0 : 604, 1, 2024/10/12, 08:09:09.127, 507941180675, vstest.console.dll, TestPluginCache.DiscoverTestExtensions: Discovering the extensions using extension path.
TpTrace Verbose: 0 : 604, 1, 2024/10/12, 08:09:09.127, 507941182907, vstest.console.dll, TestPluginCache.GetExtensionPaths: Filtered extension paths: 
TpTrace Verbose: 0 : 604, 1, 2024/10/12, 08:09:09.127, 507941183451, vstest.console.dll, TestPluginCache.GetExtensionPaths: Added default extension paths: C:\Program Files\dotnet\sdk\8.0.400\Extensions\Microsoft.Diagnostics.NETCore.Client.dll
C:\Program Files\dotnet\sdk\8.0.400\Extensions\Microsoft.TestPlatform.Extensions.BlameDataCollector.dll
C:\Program Files\dotnet\sdk\8.0.400\Extensions\Microsoft.TestPlatform.Extensions.EventLogCollector.dll
C:\Program Files\dotnet\sdk\8.0.400\Extensions\Microsoft.TestPlatform.TestHostRuntimeProvider.dll
C:\Program Files\dotnet\sdk\8.0.400\Extensions\Microsoft.VisualStudio.TestPlatform.Extensions.Html.TestLogger.dll
C:\Program Files\dotnet\sdk\8.0.400\Extensions\Microsoft.VisualStudio.TestPlatform.Extensions.Trx.TestLogger.dll
TpTrace Verbose: 0 : 604, 1, 2024/10/12, 08:09:09.127, 507941183741, vstest.console.dll, TestPluginCache.GetExtensionPaths: Added unfilterableExtensionPaths: 
TpTrace Verbose: 0 : 604, 1, 2024/10/12, 08:09:09.127, 507941184451, vstest.console.dll, TestPluginCache.DiscoverTestExtensions: Discovering the extensions using allExtensionPaths: C:\Program Files\dotnet\sdk\8.0.400\Extensions\Microsoft.Diagnostics.NETCore.Client.dll
C:\Program Files\dotnet\sdk\8.0.400\Extensions\Microsoft.TestPlatform.Extensions.BlameDataCollector.dll
C:\Program Files\dotnet\sdk\8.0.400\Extensions\Microsoft.TestPlatform.Extensions.EventLogCollector.dll
C:\Program Files\dotnet\sdk\8.0.400\Extensions\Microsoft.TestPlatform.TestHostRuntimeProvider.dll
C:\Program Files\dotnet\sdk\8.0.400\Extensions\Microsoft.VisualStudio.TestPlatform.Extensions.Html.TestLogger.dll
C:\Program Files\dotnet\sdk\8.0.400\Extensions\Microsoft.VisualStudio.TestPlatform.Extensions.Trx.TestLogger.dll
TpTrace Information: 0 : 604, 1, 2024/10/12, 08:09:09.128, 507941191058, vstest.console.dll, AssemblyResolver.AddSearchDirectories: Adding more searchDirectories C:\Program Files\dotnet\sdk\8.0.400\Extensions,C:\Program Files\dotnet\sdk\8.0.400
TpTrace Information: 0 : 604, 1, 2024/10/12, 08:09:09.128, 507941193009, vstest.console.dll, AssemblyResolver.AddSearchDirectories: Adding more searchDirectories C:\Program Files\dotnet\sdk\8.0.400\Extensions,C:\Program Files\dotnet\sdk\8.0.400
TpTrace Information: 0 : 604, 1, 2024/10/12, 08:09:09.128, 507941193709, vstest.console.dll, AssemblyResolver.AddSearchDirectories: Adding more searchDirectories C:\Program Files\dotnet\sdk\8.0.400\Extensions,C:\Program Files\dotnet\sdk\8.0.400
TpTrace Information: 0 : 604, 1, 2024/10/12, 08:09:09.128, 507941194220, vstest.console.dll, AssemblyResolver.AddSearchDirectories: Adding more searchDirectories C:\Program Files\dotnet\sdk\8.0.400\Extensions,C:\Program Files\dotnet\sdk\8.0.400
TpTrace Information: 0 : 604, 1, 2024/10/12, 08:09:09.128, 507941194703, vstest.console.dll, AssemblyResolver.AddSearchDirectories: Adding more searchDirectories C:\Program Files\dotnet\sdk\8.0.400\Extensions,C:\Program Files\dotnet\sdk\8.0.400
TpTrace Information: 0 : 604, 1, 2024/10/12, 08:09:09.128, 507941195363, vstest.console.dll, AssemblyResolver.AddSearchDirectories: Adding more searchDirectories C:\Program Files\dotnet\sdk\8.0.400\Extensions,C:\Program Files\dotnet\sdk\8.0.400
TpTrace Information: 0 : 604, 1, 2024/10/12, 08:09:09.129, 507941202815, vstest.console.dll, AssemblyResolver.OnResolve: Microsoft.Diagnostics.NETCore.Client: Resolving assembly.
TpTrace Information: 0 : 604, 1, 2024/10/12, 08:09:09.129, 507941204479, vstest.console.dll, AssemblyResolver.OnResolve: Microsoft.Diagnostics.NETCore.Client: Searching in: 'C:\Program Files\dotnet\sdk\8.0.400\Extensions'.
TpTrace Information: 0 : 604, 1, 2024/10/12, 08:09:09.143, 507941338588, vstest.console.dll, AssemblyResolver.OnResolve: Microsoft.Diagnostics.NETCore.Client: Loading assembly 'C:\Program Files\dotnet\sdk\8.0.400\Extensions\Microsoft.Diagnostics.NETCore.Client.dll'.
TpTrace Information: 0 : 604, 1, 2024/10/12, 08:09:09.145, 507941367859, vstest.console.dll, AssemblyResolver.OnResolve: Resolved assembly: Microsoft.Diagnostics.NETCore.Client, from path: C:\Program Files\dotnet\sdk\8.0.400\Extensions\Microsoft.Diagnostics.NETCore.Client.dll
TpTrace Verbose: 0 : 604, 1, 2024/10/12, 08:09:09.152, 507941431648, vstest.console.dll, MetadataReaderExtensionsHelper: Discovering extensions inside assembly 'Microsoft.Diagnostics.NETCore.Client, Version=0.2.10.30701, Culture=neutral, PublicKeyToken=31bf3856ad364e35' file path 'C:\Program Files\dotnet\sdk\8.0.400\Extensions\Microsoft.Diagnostics.NETCore.Client.dll'
TpTrace Information: 0 : 604, 1, 2024/10/12, 08:09:09.158, 507941494828, vstest.console.dll, AssemblyResolver.OnResolve: Microsoft.Bcl.AsyncInterfaces: Resolving assembly.
TpTrace Information: 0 : 604, 1, 2024/10/12, 08:09:09.158, 507941496301, vstest.console.dll, AssemblyResolver.OnResolve: Microsoft.Bcl.AsyncInterfaces: Searching in: 'C:\Program Files\dotnet\sdk\8.0.400\Extensions'.
TpTrace Information: 0 : 604, 1, 2024/10/12, 08:09:09.158, 507941497494, vstest.console.dll, AssemblyResolver.OnResolve: Microsoft.Bcl.AsyncInterfaces: Assembly path does not exist: 'C:\Program Files\dotnet\sdk\8.0.400\Extensions\Microsoft.Bcl.AsyncInterfaces.dll', returning.
TpTrace Information: 0 : 604, 1, 2024/10/12, 08:09:09.159, 507941500203, vstest.console.dll, AssemblyResolver.OnResolve: Microsoft.Bcl.AsyncInterfaces: Assembly path does not exist: 'C:\Program Files\dotnet\sdk\8.0.400\Extensions\Microsoft.Bcl.AsyncInterfaces.exe', returning.
TpTrace Information: 0 : 604, 1, 2024/10/12, 08:09:09.159, 507941500689, vstest.console.dll, AssemblyResolver.OnResolve: Microsoft.Bcl.AsyncInterfaces: Searching in: 'C:\Program Files\dotnet\sdk\8.0.400'.
TpTrace Information: 0 : 604, 1, 2024/10/12, 08:09:09.159, 507941501262, vstest.console.dll, AssemblyResolver.OnResolve: Microsoft.Bcl.AsyncInterfaces: Assembly path does not exist: 'C:\Program Files\dotnet\sdk\8.0.400\Microsoft.Bcl.AsyncInterfaces.dll', returning.
TpTrace Information: 0 : 604, 1, 2024/10/12, 08:09:09.159, 507941501756, vstest.console.dll, AssemblyResolver.OnResolve: Microsoft.Bcl.AsyncInterfaces: Assembly path does not exist: 'C:\Program Files\dotnet\sdk\8.0.400\Microsoft.Bcl.AsyncInterfaces.exe', returning.
TpTrace Information: 0 : 604, 1, 2024/10/12, 08:09:09.159, 507941502027, vstest.console.dll, AssemblyResolver.OnResolve: Microsoft.Bcl.AsyncInterfaces: Failed to load assembly.
TpTrace Verbose: 0 : 604, 1, 2024/10/12, 08:09:09.159, 507941502429, vstest.console.dll, CurrentDomainAssemblyResolve: Resolving assembly 'Microsoft.Bcl.AsyncInterfaces'.
TpTrace Information: 0 : 604, 1, 2024/10/12, 08:09:09.159, 507941503162, vstest.console.dll, AssemblyResolver.OnResolve: Microsoft.Bcl.AsyncInterfaces: Resolving assembly.
TpTrace Information: 0 : 604, 1, 2024/10/12, 08:09:09.159, 507941503590, vstest.console.dll, AssemblyResolver.OnResolve: Microsoft.Bcl.AsyncInterfaces: Resolved from cache.
TpTrace Verbose: 0 : 604, 1, 2024/10/12, 08:09:09.159, 507941503843, vstest.console.dll, CurrentDomainAssemblyResolve: Resolving assembly 'Microsoft.Bcl.AsyncInterfaces'.
TpTrace Verbose: 0 : 604, 1, 2024/10/12, 08:09:09.159, 507941504189, vstest.console.dll, CurrentDomainAssemblyResolve: Failed to resolve assembly 'Microsoft.Bcl.AsyncInterfaces'.
TpTrace Verbose: 0 : 604, 1, 2024/10/12, 08:09:09.167, 507941581838, vstest.console.dll, CurrentDomainAssemblyResolve: Failed to resolve assembly 'Microsoft.Bcl.AsyncInterfaces'.
TpTrace Warning: 0 : 604, 1, 2024/10/12, 08:09:09.193, 507941844160, vstest.console.dll, TestPluginDiscoverer: Failed to get types from assembly 'Microsoft.Diagnostics.NETCore.Client, Version=0.2.10.30701, Culture=neutral, PublicKeyToken=31bf3856ad364e35'. Error: System.Reflection.ReflectionTypeLoadException: Unable to load one or more of the requested types.
Could not load file or assembly 'Microsoft.Bcl.AsyncInterfaces, Version=6.0.0.0, Culture=neutral, PublicKeyToken=cc7b13ffcd2ddd51'. Не удается найти указанный файл.
   at System.Reflection.RuntimeModule.GetTypes(RuntimeModule module)
   at System.Reflection.RuntimeModule.GetTypes()
   at Microsoft.VisualStudio.TestPlatform.Common.ExtensionFramework.TestPluginDiscoverer.GetTestExtensionsFromAssembly[TPluginInfo,TExtension](Assembly assembly, Dictionary`2 pluginInfos, String filePath) in /_/src/Microsoft.TestPlatform.Common/ExtensionFramework/TestPluginDiscoverer.cs:line 158
System.IO.FileNotFoundException: Could not load file or assembly 'Microsoft.Bcl.AsyncInterfaces, Version=6.0.0.0, Culture=neutral, PublicKeyToken=cc7b13ffcd2ddd51'. Не удается найти указанный файл.
File name: 'Microsoft.Bcl.AsyncInterfaces, Version=6.0.0.0, Culture=neutral, PublicKeyToken=cc7b13ffcd2ddd51'
 ---> System.IO.FileNotFoundException: Could not load file or assembly 'Microsoft.Bcl.AsyncInterfaces, Culture=neutral, PublicKeyToken=null'. Не удается найти указанный файл.
File name: 'Microsoft.Bcl.AsyncInterfaces, Culture=neutral, PublicKeyToken=null'
   at System.Reflection.RuntimeAssembly.InternalLoad(AssemblyName assemblyName, StackCrawlMark& stackMark, AssemblyLoadContext assemblyLoadContext, RuntimeAssembly requestingAssembly, Boolean throwOnFileNotFound)
   at System.Reflection.Assembly.Load(AssemblyName assemblyRef)
   at Microsoft.VisualStudio.TestPlatform.Common.ExtensionFramework.TestPluginCache.CurrentDomainAssemblyResolve(Object sender, AssemblyResolveEventArgs args) in /_/src/Microsoft.TestPlatform.Common/ExtensionFramework/TestPluginCache.cs:line 513
   at System.Runtime.Loader.AssemblyLoadContext.GetFirstResolvedAssemblyFromResolvingEvent(AssemblyName assemblyName)
   at System.Runtime.Loader.AssemblyLoadContext.ResolveUsingEvent(AssemblyName assemblyName)
   at System.Runtime.Loader.AssemblyLoadContext.ResolveUsingResolvingEvent(IntPtr gchManagedAssemblyLoadContext, AssemblyName assemblyName)
TpTrace Warning: 0 : 604, 1, 2024/10/12, 08:09:09.194, 507941852185, vstest.console.dll, LoaderExceptions: System.IO.FileNotFoundException: Could not load file or assembly 'Microsoft.Bcl.AsyncInterfaces, Version=6.0.0.0, Culture=neutral, PublicKeyToken=cc7b13ffcd2ddd51'. Не удается найти указанный файл.
File name: 'Microsoft.Bcl.AsyncInterfaces, Version=6.0.0.0, Culture=neutral, PublicKeyToken=cc7b13ffcd2ddd51'
 ---> System.IO.FileNotFoundException: Could not load file or assembly 'Microsoft.Bcl.AsyncInterfaces, Culture=neutral, PublicKeyToken=null'. Не удается найти указанный файл.
File name: 'Microsoft.Bcl.AsyncInterfaces, Culture=neutral, PublicKeyToken=null'
   at System.Reflection.RuntimeAssembly.InternalLoad(AssemblyName assemblyName, StackCrawlMark& stackMark, AssemblyLoadContext assemblyLoadContext, RuntimeAssembly requestingAssembly, Boolean throwOnFileNotFound)
   at System.Reflection.Assembly.Load(AssemblyName assemblyRef)
   at Microsoft.VisualStudio.TestPlatform.Common.ExtensionFramework.TestPluginCache.CurrentDomainAssemblyResolve(Object sender, AssemblyResolveEventArgs args) in /_/src/Microsoft.TestPlatform.Common/ExtensionFramework/TestPluginCache.cs:line 513
   at System.Runtime.Loader.AssemblyLoadContext.GetFirstResolvedAssemblyFromResolvingEvent(AssemblyName assemblyName)
   at System.Runtime.Loader.AssemblyLoadContext.ResolveUsingEvent(AssemblyName assemblyName)
   at System.Runtime.Loader.AssemblyLoadContext.ResolveUsingResolvingEvent(IntPtr gchManagedAssemblyLoadContext, AssemblyName assemblyName)
TpTrace Information: 0 : 604, 1, 2024/10/12, 08:09:09.194, 507941855289, vstest.console.dll, AssemblyResolver.OnResolve: Microsoft.TestPlatform.Extensions.BlameDataCollector: Resolving assembly.
TpTrace Information: 0 : 604, 1, 2024/10/12, 08:09:09.194, 507941856201, vstest.console.dll, AssemblyResolver.OnResolve: Microsoft.TestPlatform.Extensions.BlameDataCollector: Searching in: 'C:\Program Files\dotnet\sdk\8.0.400\Extensions'.
TpTrace Information: 0 : 604, 1, 2024/10/12, 08:09:09.196, 507941876359, vstest.console.dll, AssemblyResolver.OnResolve: Microsoft.TestPlatform.Extensions.BlameDataCollector: Loading assembly 'C:\Program Files\dotnet\sdk\8.0.400\Extensions\Microsoft.TestPlatform.Extensions.BlameDataCollector.dll'.
TpTrace Information: 0 : 604, 1, 2024/10/12, 08:09:09.198, 507941896365, vstest.console.dll, AssemblyResolver.OnResolve: Resolved assembly: Microsoft.TestPlatform.Extensions.BlameDataCollector, from path: C:\Program Files\dotnet\sdk\8.0.400\Extensions\Microsoft.TestPlatform.Extensions.BlameDataCollector.dll
TpTrace Verbose: 0 : 604, 1, 2024/10/12, 08:09:09.198, 507941898309, vstest.console.dll, MetadataReaderExtensionsHelper: Discovering extensions inside assembly 'Microsoft.TestPlatform.Extensions.BlameDataCollector, Version=15.0.0.0, Culture=neutral, PublicKeyToken=b03f5f7f11d50a3a' file path 'C:\Program Files\dotnet\sdk\8.0.400\Extensions\Microsoft.TestPlatform.Extensions.BlameDataCollector.dll'
TpTrace Information: 0 : 604, 1, 2024/10/12, 08:09:09.203, 507941939898, vstest.console.dll, AssemblyResolver.OnResolve: Microsoft.TestPlatform.Extensions.EventLogCollector: Resolving assembly.
TpTrace Information: 0 : 604, 1, 2024/10/12, 08:09:09.203, 507941941597, vstest.console.dll, AssemblyResolver.OnResolve: Microsoft.TestPlatform.Extensions.EventLogCollector: Searching in: 'C:\Program Files\dotnet\sdk\8.0.400\Extensions'.
TpTrace Information: 0 : 604, 1, 2024/10/12, 08:09:09.205, 507941962158, vstest.console.dll, AssemblyResolver.OnResolve: Microsoft.TestPlatform.Extensions.EventLogCollector: Loading assembly 'C:\Program Files\dotnet\sdk\8.0.400\Extensions\Microsoft.TestPlatform.Extensions.EventLogCollector.dll'.
TpTrace Information: 0 : 604, 1, 2024/10/12, 08:09:09.207, 507941980593, vstest.console.dll, AssemblyResolver.OnResolve: Resolved assembly: Microsoft.TestPlatform.Extensions.EventLogCollector, from path: C:\Program Files\dotnet\sdk\8.0.400\Extensions\Microsoft.TestPlatform.Extensions.EventLogCollector.dll
TpTrace Verbose: 0 : 604, 1, 2024/10/12, 08:09:09.207, 507941982296, vstest.console.dll, MetadataReaderExtensionsHelper: Discovering extensions inside assembly 'Microsoft.TestPlatform.Extensions.EventLogCollector, Version=15.0.0.0, Culture=neutral, PublicKeyToken=b03f5f7f11d50a3a' file path 'C:\Program Files\dotnet\sdk\8.0.400\Extensions\Microsoft.TestPlatform.Extensions.EventLogCollector.dll'
TpTrace Information: 0 : 604, 1, 2024/10/12, 08:09:09.214, 507942049306, vstest.console.dll, AssemblyResolver.OnResolve: Microsoft.TestPlatform.TestHostRuntimeProvider: Resolving assembly.
TpTrace Information: 0 : 604, 1, 2024/10/12, 08:09:09.214, 507942051105, vstest.console.dll, AssemblyResolver.OnResolve: Microsoft.TestPlatform.TestHostRuntimeProvider: Searching in: 'C:\Program Files\dotnet\sdk\8.0.400\Extensions'.
TpTrace Information: 0 : 604, 1, 2024/10/12, 08:09:09.215, 507942068522, vstest.console.dll, AssemblyResolver.OnResolve: Microsoft.TestPlatform.TestHostRuntimeProvider: Loading assembly 'C:\Program Files\dotnet\sdk\8.0.400\Extensions\Microsoft.TestPlatform.TestHostRuntimeProvider.dll'.
TpTrace Information: 0 : 604, 1, 2024/10/12, 08:09:09.217, 507942088337, vstest.console.dll, AssemblyResolver.OnResolve: Resolved assembly: Microsoft.TestPlatform.TestHostRuntimeProvider, from path: C:\Program Files\dotnet\sdk\8.0.400\Extensions\Microsoft.TestPlatform.TestHostRuntimeProvider.dll
TpTrace Verbose: 0 : 604, 1, 2024/10/12, 08:09:09.218, 507942090056, vstest.console.dll, MetadataReaderExtensionsHelper: Discovering extensions inside assembly 'Microsoft.TestPlatform.TestHostRuntimeProvider, Version=15.0.0.0, Culture=neutral, PublicKeyToken=b03f5f7f11d50a3a' file path 'C:\Program Files\dotnet\sdk\8.0.400\Extensions\Microsoft.TestPlatform.TestHostRuntimeProvider.dll'
TpTrace Information: 0 : 604, 1, 2024/10/12, 08:09:09.221, 507942122322, vstest.console.dll, GetTestExtensionFromType: Register extension with identifier data 'HostProvider://DefaultTestHost' and type 'Microsoft.VisualStudio.TestPlatform.CrossPlatEngine.Hosting.DefaultTestHostManager, Microsoft.TestPlatform.TestHostRuntimeProvider, Version=15.0.0.0, Culture=neutral, PublicKeyToken=b03f5f7f11d50a3a' inside file 'C:\Program Files\dotnet\sdk\8.0.400\Extensions\Microsoft.TestPlatform.TestHostRuntimeProvider.dll'
TpTrace Information: 0 : 604, 1, 2024/10/12, 08:09:09.221, 507942126974, vstest.console.dll, GetTestExtensionFromType: Register extension with identifier data 'HostProvider://DotnetTestHost' and type 'Microsoft.VisualStudio.TestPlatform.CrossPlatEngine.Hosting.DotnetTestHostManager, Microsoft.TestPlatform.TestHostRuntimeProvider, Version=15.0.0.0, Culture=neutral, PublicKeyToken=b03f5f7f11d50a3a' inside file 'C:\Program Files\dotnet\sdk\8.0.400\Extensions\Microsoft.TestPlatform.TestHostRuntimeProvider.dll'
TpTrace Information: 0 : 604, 1, 2024/10/12, 08:09:09.221, 507942128318, vstest.console.dll, AssemblyResolver.OnResolve: Microsoft.VisualStudio.TestPlatform.Extensions.Html.TestLogger: Resolving assembly.
TpTrace Information: 0 : 604, 1, 2024/10/12, 08:09:09.222, 507942128983, vstest.console.dll, AssemblyResolver.OnResolve: Microsoft.VisualStudio.TestPlatform.Extensions.Html.TestLogger: Searching in: 'C:\Program Files\dotnet\sdk\8.0.400\Extensions'.
TpTrace Information: 0 : 604, 1, 2024/10/12, 08:09:09.223, 507942146202, vstest.console.dll, AssemblyResolver.OnResolve: Microsoft.VisualStudio.TestPlatform.Extensions.Html.TestLogger: Loading assembly 'C:\Program Files\dotnet\sdk\8.0.400\Extensions\Microsoft.VisualStudio.TestPlatform.Extensions.Html.TestLogger.dll'.
TpTrace Information: 0 : 604, 1, 2024/10/12, 08:09:09.224, 507942157959, vstest.console.dll, AssemblyResolver.OnResolve: Resolved assembly: Microsoft.VisualStudio.TestPlatform.Extensions.Html.TestLogger, from path: C:\Program Files\dotnet\sdk\8.0.400\Extensions\Microsoft.VisualStudio.TestPlatform.Extensions.Html.TestLogger.dll
TpTrace Verbose: 0 : 604, 1, 2024/10/12, 08:09:09.225, 507942159377, vstest.console.dll, MetadataReaderExtensionsHelper: Discovering extensions inside assembly 'Microsoft.VisualStudio.TestPlatform.Extensions.Html.TestLogger, Version=15.0.0.0, Culture=neutral, PublicKeyToken=b03f5f7f11d50a3a' file path 'C:\Program Files\dotnet\sdk\8.0.400\Extensions\Microsoft.VisualStudio.TestPlatform.Extensions.Html.TestLogger.dll'
TpTrace Information: 0 : 604, 1, 2024/10/12, 08:09:09.227, 507942179997, vstest.console.dll, AssemblyResolver.OnResolve: Microsoft.VisualStudio.TestPlatform.Extensions.Trx.TestLogger: Resolving assembly.
TpTrace Information: 0 : 604, 1, 2024/10/12, 08:09:09.227, 507942181373, vstest.console.dll, AssemblyResolver.OnResolve: Microsoft.VisualStudio.TestPlatform.Extensions.Trx.TestLogger: Searching in: 'C:\Program Files\dotnet\sdk\8.0.400\Extensions'.
TpTrace Information: 0 : 604, 1, 2024/10/12, 08:09:09.229, 507942202003, vstest.console.dll, AssemblyResolver.OnResolve: Microsoft.VisualStudio.TestPlatform.Extensions.Trx.TestLogger: Loading assembly 'C:\Program Files\dotnet\sdk\8.0.400\Extensions\Microsoft.VisualStudio.TestPlatform.Extensions.Trx.TestLogger.dll'.
TpTrace Information: 0 : 604, 1, 2024/10/12, 08:09:09.231, 507942226596, vstest.console.dll, AssemblyResolver.OnResolve: Resolved assembly: Microsoft.VisualStudio.TestPlatform.Extensions.Trx.TestLogger, from path: C:\Program Files\dotnet\sdk\8.0.400\Extensions\Microsoft.VisualStudio.TestPlatform.Extensions.Trx.TestLogger.dll
TpTrace Verbose: 0 : 604, 1, 2024/10/12, 08:09:09.231, 507942228353, vstest.console.dll, MetadataReaderExtensionsHelper: Discovering extensions inside assembly 'Microsoft.VisualStudio.TestPlatform.Extensions.Trx.TestLogger, Version=15.0.0.0, Culture=neutral, PublicKeyToken=b03f5f7f11d50a3a' file path 'C:\Program Files\dotnet\sdk\8.0.400\Extensions\Microsoft.VisualStudio.TestPlatform.Extensions.Trx.TestLogger.dll'
TpTrace Verbose: 0 : 604, 1, 2024/10/12, 08:09:09.234, 507942254170, vstest.console.dll, TestPluginCache: Discovered the extensions using extension path ''.
TpTrace Verbose: 0 : 604, 1, 2024/10/12, 08:09:09.234, 507942255511, vstest.console.dll, TestPluginCache: Discoverers are ''.
TpTrace Verbose: 0 : 604, 1, 2024/10/12, 08:09:09.234, 507942255784, vstest.console.dll, TestPluginCache: Executors are ''.
TpTrace Verbose: 0 : 604, 1, 2024/10/12, 08:09:09.234, 507942256407, vstest.console.dll, TestPluginCache: Executors2 are ''.
TpTrace Verbose: 0 : 604, 1, 2024/10/12, 08:09:09.234, 507942256641, vstest.console.dll, TestPluginCache: Setting providers are ''.
TpTrace Verbose: 0 : 604, 1, 2024/10/12, 08:09:09.234, 507942256868, vstest.console.dll, TestPluginCache: Loggers are ''.
TpTrace Verbose: 0 : 604, 1, 2024/10/12, 08:09:09.235, 507942258952, vstest.console.dll, TestPluginCache: TestHosts are 'HostProvider://DefaultTestHost,HostProvider://DotnetTestHost'.
TpTrace Verbose: 0 : 604, 1, 2024/10/12, 08:09:09.235, 507942259353, vstest.console.dll, TestPluginCache: DataCollectors are ''.
TpTrace Information: 0 : 604, 1, 2024/10/12, 08:09:09.269, 507942601138, vstest.console.dll, RunTestsArgumentProcessor:Execute: Test run is starting.
TpTrace Verbose: 0 : 604, 1, 2024/10/12, 08:09:09.269, 507942602452, vstest.console.dll, RunTestsArgumentProcessor:Execute: Queuing Test run.
TpTrace Information: 0 : 604, 1, 2024/10/12, 08:09:09.270, 507942612610, vstest.console.dll, TestRequestManager.RunTests: run tests started.
TpTrace Information: 0 : 604, 1, 2024/10/12, 08:09:09.272, 507942638067, vstest.console.dll, AssemblyMetadataProvider.GetFrameworkName: Determined framework:'.NETCoreApp,Version=v8.0' for source: 'C:\Users\komet\source\repos\Debug_Lab6\Test_Project\bin\Debug\net8.0\fine-code-coverage\build-output\Test_Project.dll'
TpTrace Information: 0 : 604, 1, 2024/10/12, 08:09:09.273, 507942642163, vstest.console.dll, Determined framework for all sources: .NETCoreApp,Version=v8.0
TpTrace Verbose: 0 : 604, 1, 2024/10/12, 08:09:09.274, 507942652916, vstest.console.dll, TestRequestManager.UpdateRunSettingsIfRequired: Default architecture: X64 IsDefaultTargetArchitecture: True, Current process architecture: X64 OperatingSystem: Windows.
TpTrace Information: 0 : 604, 1, 2024/10/12, 08:09:09.277, 507942683088, vstest.console.dll, AssemblyMetadataProvider.GetArchitecture: Determined architecture:AnyCPU info for assembly: C:\Users\komet\source\repos\Debug_Lab6\Test_Project\bin\Debug\net8.0\fine-code-coverage\build-output\Test_Project.dll
TpTrace Information: 0 : 604, 1, 2024/10/12, 08:09:09.277, 507942684339, vstest.console.dll, Determined platform for source 'C:\Users\komet\source\repos\Debug_Lab6\Test_Project\bin\Debug\net8.0\fine-code-coverage\build-output\Test_Project.dll' was AnyCPU and it will use the default plaform X64.
TpTrace Information: 0 : 604, 1, 2024/10/12, 08:09:09.277, 507942684658, vstest.console.dll, None of the sources provided any runnable platform, using the default platform: X64
TpTrace Information: 0 : 604, 1, 2024/10/12, 08:09:09.277, 507942686121, vstest.console.dll, Platform was updated to 'X64'.
TpTrace Information: 0 : 604, 1, 2024/10/12, 08:09:09.286, 507942777418, vstest.console.dll, InferRunSettingsHelper.IsTestSettingsEnabled: Unable to navigate to RunSettings/MSTest. Current node: RunSettings
TpTrace Information: 0 : 604, 1, 2024/10/12, 08:09:09.288, 507942791131, vstest.console.dll, AssemblyResolver.OnResolve: Microsoft.VisualStudio.TestPlatform.Fakes: Resolving assembly.
TpTrace Information: 0 : 604, 1, 2024/10/12, 08:09:09.288, 507942792585, vstest.console.dll, AssemblyResolver.OnResolve: Microsoft.VisualStudio.TestPlatform.Fakes: Searching in: 'C:\Program Files\dotnet\sdk\8.0.400\Extensions'.
TpTrace Information: 0 : 604, 1, 2024/10/12, 08:09:09.288, 507942793618, vstest.console.dll, AssemblyResolver.OnResolve: Microsoft.VisualStudio.TestPlatform.Fakes: Assembly path does not exist: 'C:\Program Files\dotnet\sdk\8.0.400\Extensions\Microsoft.VisualStudio.TestPlatform.Fakes.dll', returning.
TpTrace Information: 0 : 604, 1, 2024/10/12, 08:09:09.288, 507942794196, vstest.console.dll, AssemblyResolver.OnResolve: Microsoft.VisualStudio.TestPlatform.Fakes: Assembly path does not exist: 'C:\Program Files\dotnet\sdk\8.0.400\Extensions\Microsoft.VisualStudio.TestPlatform.Fakes.exe', returning.
TpTrace Information: 0 : 604, 1, 2024/10/12, 08:09:09.288, 507942794474, vstest.console.dll, AssemblyResolver.OnResolve: Microsoft.VisualStudio.TestPlatform.Fakes: Searching in: 'C:\Program Files\dotnet\sdk\8.0.400'.
TpTrace Information: 0 : 604, 1, 2024/10/12, 08:09:09.288, 507942795031, vstest.console.dll, AssemblyResolver.OnResolve: Microsoft.VisualStudio.TestPlatform.Fakes: Assembly path does not exist: 'C:\Program Files\dotnet\sdk\8.0.400\Microsoft.VisualStudio.TestPlatform.Fakes.dll', returning.
TpTrace Information: 0 : 604, 1, 2024/10/12, 08:09:09.288, 507942795650, vstest.console.dll, AssemblyResolver.OnResolve: Microsoft.VisualStudio.TestPlatform.Fakes: Assembly path does not exist: 'C:\Program Files\dotnet\sdk\8.0.400\Microsoft.VisualStudio.TestPlatform.Fakes.exe', returning.
TpTrace Information: 0 : 604, 1, 2024/10/12, 08:09:09.288, 507942796059, vstest.console.dll, AssemblyResolver.OnResolve: Microsoft.VisualStudio.TestPlatform.Fakes: Failed to load assembly.
TpTrace Information: 0 : 604, 1, 2024/10/12, 08:09:09.289, 507942800008, vstest.console.dll, Failed to load assembly Microsoft.VisualStudio.TestPlatform.Fakes, Version=17.0.0.0, Culture=neutral. Reason:System.IO.FileNotFoundException: Could not load file or assembly 'Microsoft.VisualStudio.TestPlatform.Fakes, Version=17.0.0.0, Culture=neutral, PublicKeyToken=null'. Не удается найти указанный файл.
File name: 'Microsoft.VisualStudio.TestPlatform.Fakes, Version=17.0.0.0, Culture=neutral, PublicKeyToken=null'
   at System.Reflection.RuntimeAssembly.InternalLoad(AssemblyName assemblyName, StackCrawlMark& stackMark, AssemblyLoadContext assemblyLoadContext, RuntimeAssembly requestingAssembly, Boolean throwOnFileNotFound)
   at System.Reflection.Assembly.Load(AssemblyName assemblyRef)
   at Microsoft.VisualStudio.TestPlatform.Common.Utilities.FakesUtilities.LoadTestPlatformAssembly() in /_/src/Microsoft.TestPlatform.Common/Utilities/FakesUtilities.cs:line 272
TpTrace Verbose: 0 : 604, 1, 2024/10/12, 08:09:09.296, 507942870890, vstest.console.dll, TestPluginCache.DiscoverTestExtensions: finding test extensions in assemblies ends with: TestLogger.dll TPluginInfo: Microsoft.VisualStudio.TestPlatform.Common.ExtensionFramework.Utilities.TestLoggerPluginInformation TExtension: Microsoft.VisualStudio.TestPlatform.ObjectModel.Client.ITestLogger
TpTrace Verbose: 0 : 604, 1, 2024/10/12, 08:09:09.296, 507942873114, vstest.console.dll, TestPluginCache.GetExtensionPaths: Filtered extension paths: 
TpTrace Verbose: 0 : 604, 1, 2024/10/12, 08:09:09.296, 507942873686, vstest.console.dll, TestPluginCache.GetExtensionPaths: Added default extension paths: C:\Program Files\dotnet\sdk\8.0.400\Extensions\Microsoft.Diagnostics.NETCore.Client.dll
C:\Program Files\dotnet\sdk\8.0.400\Extensions\Microsoft.TestPlatform.Extensions.BlameDataCollector.dll
C:\Program Files\dotnet\sdk\8.0.400\Extensions\Microsoft.TestPlatform.Extensions.EventLogCollector.dll
C:\Program Files\dotnet\sdk\8.0.400\Extensions\Microsoft.TestPlatform.TestHostRuntimeProvider.dll
C:\Program Files\dotnet\sdk\8.0.400\Extensions\Microsoft.VisualStudio.TestPlatform.Extensions.Html.TestLogger.dll
C:\Program Files\dotnet\sdk\8.0.400\Extensions\Microsoft.VisualStudio.TestPlatform.Extensions.Trx.TestLogger.dll
TpTrace Verbose: 0 : 604, 1, 2024/10/12, 08:09:09.296, 507942874318, vstest.console.dll, TestPluginCache.GetExtensionPaths: Added unfilterableExtensionPaths: 
TpTrace Information: 0 : 604, 1, 2024/10/12, 08:09:09.296, 507942877782, vstest.console.dll, AssemblyResolver.AddSearchDirectories: Adding more searchDirectories C:\Program Files\dotnet\sdk\8.0.400\Extensions,C:\Program Files\dotnet\sdk\8.0.400
TpTrace Verbose: 0 : 604, 1, 2024/10/12, 08:09:09.297, 507942879356, vstest.console.dll, TestPluginCache.DiscoverTestExtensions: Discovering the extensions using extension path.
TpTrace Verbose: 0 : 604, 1, 2024/10/12, 08:09:09.297, 507942880121, vstest.console.dll, TestPluginCache.GetExtensionPaths: Filtered extension paths: 
TpTrace Verbose: 0 : 604, 1, 2024/10/12, 08:09:09.297, 507942880698, vstest.console.dll, TestPluginCache.GetExtensionPaths: Added default extension paths: C:\Program Files\dotnet\sdk\8.0.400\Extensions\Microsoft.Diagnostics.NETCore.Client.dll
C:\Program Files\dotnet\sdk\8.0.400\Extensions\Microsoft.TestPlatform.Extensions.BlameDataCollector.dll
C:\Program Files\dotnet\sdk\8.0.400\Extensions\Microsoft.TestPlatform.Extensions.EventLogCollector.dll
C:\Program Files\dotnet\sdk\8.0.400\Extensions\Microsoft.TestPlatform.TestHostRuntimeProvider.dll
C:\Program Files\dotnet\sdk\8.0.400\Extensions\Microsoft.VisualStudio.TestPlatform.Extensions.Html.TestLogger.dll
C:\Program Files\dotnet\sdk\8.0.400\Extensions\Microsoft.VisualStudio.TestPlatform.Extensions.Trx.TestLogger.dll
TpTrace Verbose: 0 : 604, 1, 2024/10/12, 08:09:09.297, 507942881153, vstest.console.dll, TestPluginCache.GetExtensionPaths: Added unfilterableExtensionPaths: 
TpTrace Verbose: 0 : 604, 1, 2024/10/12, 08:09:09.297, 507942881760, vstest.console.dll, TestPluginCache.DiscoverTestExtensions: Discovering the extensions using allExtensionPaths: C:\Program Files\dotnet\sdk\8.0.400\Extensions\Microsoft.Diagnostics.NETCore.Client.dll
C:\Program Files\dotnet\sdk\8.0.400\Extensions\Microsoft.TestPlatform.Extensions.BlameDataCollector.dll
C:\Program Files\dotnet\sdk\8.0.400\Extensions\Microsoft.TestPlatform.Extensions.EventLogCollector.dll
C:\Program Files\dotnet\sdk\8.0.400\Extensions\Microsoft.TestPlatform.TestHostRuntimeProvider.dll
C:\Program Files\dotnet\sdk\8.0.400\Extensions\Microsoft.VisualStudio.TestPlatform.Extensions.Html.TestLogger.dll
C:\Program Files\dotnet\sdk\8.0.400\Extensions\Microsoft.VisualStudio.TestPlatform.Extensions.Trx.TestLogger.dll
TpTrace Information: 0 : 604, 1, 2024/10/12, 08:09:09.297, 507942883989, vstest.console.dll, AssemblyResolver.AddSearchDirectories: Adding more searchDirectories C:\Program Files\dotnet\sdk\8.0.400\Extensions,C:\Program Files\dotnet\sdk\8.0.400
TpTrace Information: 0 : 604, 1, 2024/10/12, 08:09:09.297, 507942884859, vstest.console.dll, AssemblyResolver.AddSearchDirectories: Adding more searchDirectories C:\Program Files\dotnet\sdk\8.0.400\Extensions,C:\Program Files\dotnet\sdk\8.0.400
TpTrace Information: 0 : 604, 1, 2024/10/12, 08:09:09.297, 507942885415, vstest.console.dll, AssemblyResolver.AddSearchDirectories: Adding more searchDirectories C:\Program Files\dotnet\sdk\8.0.400\Extensions,C:\Program Files\dotnet\sdk\8.0.400
TpTrace Information: 0 : 604, 1, 2024/10/12, 08:09:09.297, 507942886128, vstest.console.dll, AssemblyResolver.AddSearchDirectories: Adding more searchDirectories C:\Program Files\dotnet\sdk\8.0.400\Extensions,C:\Program Files\dotnet\sdk\8.0.400
TpTrace Information: 0 : 604, 1, 2024/10/12, 08:09:09.297, 507942886581, vstest.console.dll, AssemblyResolver.AddSearchDirectories: Adding more searchDirectories C:\Program Files\dotnet\sdk\8.0.400\Extensions,C:\Program Files\dotnet\sdk\8.0.400
TpTrace Information: 0 : 604, 1, 2024/10/12, 08:09:09.297, 507942887203, vstest.console.dll, AssemblyResolver.AddSearchDirectories: Adding more searchDirectories C:\Program Files\dotnet\sdk\8.0.400\Extensions,C:\Program Files\dotnet\sdk\8.0.400
TpTrace Verbose: 0 : 604, 1, 2024/10/12, 08:09:09.298, 507942889032, vstest.console.dll, MetadataReaderExtensionsHelper: Discovering extensions inside assembly 'Microsoft.Diagnostics.NETCore.Client, Version=0.2.10.30701, Culture=neutral, PublicKeyToken=31bf3856ad364e35' file path 'C:\Program Files\dotnet\sdk\8.0.400\Extensions\Microsoft.Diagnostics.NETCore.Client.dll'
TpTrace Information: 0 : 604, 1, 2024/10/12, 08:09:09.299, 507942907256, vstest.console.dll, AssemblyResolver.OnResolve: Microsoft.Bcl.AsyncInterfaces: Resolving assembly.
TpTrace Information: 0 : 604, 1, 2024/10/12, 08:09:09.300, 507942908627, vstest.console.dll, AssemblyResolver.OnResolve: Microsoft.Bcl.AsyncInterfaces: Resolved from cache.
TpTrace Verbose: 0 : 604, 1, 2024/10/12, 08:09:09.300, 507942909069, vstest.console.dll, CurrentDomainAssemblyResolve: Resolving assembly 'Microsoft.Bcl.AsyncInterfaces'.
TpTrace Information: 0 : 604, 1, 2024/10/12, 08:09:09.300, 507942909673, vstest.console.dll, AssemblyResolver.OnResolve: Microsoft.Bcl.AsyncInterfaces: Resolving assembly.
TpTrace Information: 0 : 604, 1, 2024/10/12, 08:09:09.300, 507942910040, vstest.console.dll, AssemblyResolver.OnResolve: Microsoft.Bcl.AsyncInterfaces: Resolved from cache.
TpTrace Verbose: 0 : 604, 1, 2024/10/12, 08:09:09.300, 507942910361, vstest.console.dll, CurrentDomainAssemblyResolve: Resolving assembly 'Microsoft.Bcl.AsyncInterfaces'.
TpTrace Verbose: 0 : 604, 1, 2024/10/12, 08:09:09.300, 507942910718, vstest.console.dll, CurrentDomainAssemblyResolve: Failed to resolve assembly 'Microsoft.Bcl.AsyncInterfaces'.
TpTrace Verbose: 0 : 604, 1, 2024/10/12, 08:09:09.300, 507942912899, vstest.console.dll, CurrentDomainAssemblyResolve: Failed to resolve assembly 'Microsoft.Bcl.AsyncInterfaces'.
TpTrace Warning: 0 : 604, 1, 2024/10/12, 08:09:09.301, 507942921765, vstest.console.dll, TestPluginDiscoverer: Failed to get types from assembly 'Microsoft.Diagnostics.NETCore.Client, Version=0.2.10.30701, Culture=neutral, PublicKeyToken=31bf3856ad364e35'. Error: System.Reflection.ReflectionTypeLoadException: Unable to load one or more of the requested types.
Could not load file or assembly 'Microsoft.Bcl.AsyncInterfaces, Version=6.0.0.0, Culture=neutral, PublicKeyToken=cc7b13ffcd2ddd51'. Не удается найти указанный файл.
   at System.Reflection.RuntimeModule.GetTypes(RuntimeModule module)
   at System.Reflection.RuntimeModule.GetTypes()
   at Microsoft.VisualStudio.TestPlatform.Common.ExtensionFramework.TestPluginDiscoverer.GetTestExtensionsFromAssembly[TPluginInfo,TExtension](Assembly assembly, Dictionary`2 pluginInfos, String filePath) in /_/src/Microsoft.TestPlatform.Common/ExtensionFramework/TestPluginDiscoverer.cs:line 158
System.IO.FileNotFoundException: Could not load file or assembly 'Microsoft.Bcl.AsyncInterfaces, Version=6.0.0.0, Culture=neutral, PublicKeyToken=cc7b13ffcd2ddd51'. Не удается найти указанный файл.
File name: 'Microsoft.Bcl.AsyncInterfaces, Version=6.0.0.0, Culture=neutral, PublicKeyToken=cc7b13ffcd2ddd51'
 ---> System.IO.FileNotFoundException: Could not load file or assembly 'Microsoft.Bcl.AsyncInterfaces, Culture=neutral, PublicKeyToken=null'. Не удается найти указанный файл.
File name: 'Microsoft.Bcl.AsyncInterfaces, Culture=neutral, PublicKeyToken=null'
   at System.Reflection.RuntimeAssembly.InternalLoad(AssemblyName assemblyName, StackCrawlMark& stackMark, AssemblyLoadContext assemblyLoadContext, RuntimeAssembly requestingAssembly, Boolean throwOnFileNotFound)
   at System.Reflection.Assembly.Load(AssemblyName assemblyRef)
   at Microsoft.VisualStudio.TestPlatform.Common.ExtensionFramework.TestPluginCache.CurrentDomainAssemblyResolve(Object sender, AssemblyResolveEventArgs args) in /_/src/Microsoft.TestPlatform.Common/ExtensionFramework/TestPluginCache.cs:line 513
   at System.Runtime.Loader.AssemblyLoadContext.GetFirstResolvedAssemblyFromResolvingEvent(AssemblyName assemblyName)
   at System.Runtime.Loader.AssemblyLoadContext.ResolveUsingEvent(AssemblyName assemblyName)
   at System.Runtime.Loader.AssemblyLoadContext.ResolveUsingResolvingEvent(IntPtr gchManagedAssemblyLoadContext, AssemblyName assemblyName)
TpTrace Warning: 0 : 604, 1, 2024/10/12, 08:09:09.302, 507942932392, vstest.console.dll, LoaderExceptions: System.IO.FileNotFoundException: Could not load file or assembly 'Microsoft.Bcl.AsyncInterfaces, Version=6.0.0.0, Culture=neutral, PublicKeyToken=cc7b13ffcd2ddd51'. Не удается найти указанный файл.
File name: 'Microsoft.Bcl.AsyncInterfaces, Version=6.0.0.0, Culture=neutral, PublicKeyToken=cc7b13ffcd2ddd51'
 ---> System.IO.FileNotFoundException: Could not load file or assembly 'Microsoft.Bcl.AsyncInterfaces, Culture=neutral, PublicKeyToken=null'. Не удается найти указанный файл.
File name: 'Microsoft.Bcl.AsyncInterfaces, Culture=neutral, PublicKeyToken=null'
   at System.Reflection.RuntimeAssembly.InternalLoad(AssemblyName assemblyName, StackCrawlMark& stackMark, AssemblyLoadContext assemblyLoadContext, RuntimeAssembly requestingAssembly, Boolean throwOnFileNotFound)
   at System.Reflection.Assembly.Load(AssemblyName assemblyRef)
   at Microsoft.VisualStudio.TestPlatform.Common.ExtensionFramework.TestPluginCache.CurrentDomainAssemblyResolve(Object sender, AssemblyResolveEventArgs args) in /_/src/Microsoft.TestPlatform.Common/ExtensionFramework/TestPluginCache.cs:line 513
   at System.Runtime.Loader.AssemblyLoadContext.GetFirstResolvedAssemblyFromResolvingEvent(AssemblyName assemblyName)
   at System.Runtime.Loader.AssemblyLoadContext.ResolveUsingEvent(AssemblyName assemblyName)
   at System.Runtime.Loader.AssemblyLoadContext.ResolveUsingResolvingEvent(IntPtr gchManagedAssemblyLoadContext, AssemblyName assemblyName)
TpTrace Verbose: 0 : 604, 1, 2024/10/12, 08:09:09.305, 507942965853, vstest.console.dll, MetadataReaderExtensionsHelper: Discovering extensions inside assembly 'Microsoft.TestPlatform.Extensions.BlameDataCollector, Version=15.0.0.0, Culture=neutral, PublicKeyToken=b03f5f7f11d50a3a' file path 'C:\Program Files\dotnet\sdk\8.0.400\Extensions\Microsoft.TestPlatform.Extensions.BlameDataCollector.dll'
TpTrace Information: 0 : 604, 1, 2024/10/12, 08:09:09.308, 507942990837, vstest.console.dll, GetTestExtensionFromType: Register extension with identifier data 'logger://Microsoft/TestPlatform/Extensions/Blame/v1' and type 'Microsoft.TestPlatform.Extensions.BlameDataCollector.BlameLogger, Microsoft.TestPlatform.Extensions.BlameDataCollector, Version=15.0.0.0, Culture=neutral, PublicKeyToken=b03f5f7f11d50a3a' inside file 'C:\Program Files\dotnet\sdk\8.0.400\Extensions\Microsoft.TestPlatform.Extensions.BlameDataCollector.dll'
TpTrace Verbose: 0 : 604, 1, 2024/10/12, 08:09:09.308, 507942993472, vstest.console.dll, MetadataReaderExtensionsHelper: Discovering extensions inside assembly 'Microsoft.TestPlatform.Extensions.EventLogCollector, Version=15.0.0.0, Culture=neutral, PublicKeyToken=b03f5f7f11d50a3a' file path 'C:\Program Files\dotnet\sdk\8.0.400\Extensions\Microsoft.TestPlatform.Extensions.EventLogCollector.dll'
TpTrace Verbose: 0 : 604, 1, 2024/10/12, 08:09:09.310, 507943010045, vstest.console.dll, MetadataReaderExtensionsHelper: Discovering extensions inside assembly 'Microsoft.TestPlatform.TestHostRuntimeProvider, Version=15.0.0.0, Culture=neutral, PublicKeyToken=b03f5f7f11d50a3a' file path 'C:\Program Files\dotnet\sdk\8.0.400\Extensions\Microsoft.TestPlatform.TestHostRuntimeProvider.dll'
TpTrace Verbose: 0 : 604, 1, 2024/10/12, 08:09:09.311, 507943023468, vstest.console.dll, MetadataReaderExtensionsHelper: Discovering extensions inside assembly 'Microsoft.VisualStudio.TestPlatform.Extensions.Html.TestLogger, Version=15.0.0.0, Culture=neutral, PublicKeyToken=b03f5f7f11d50a3a' file path 'C:\Program Files\dotnet\sdk\8.0.400\Extensions\Microsoft.VisualStudio.TestPlatform.Extensions.Html.TestLogger.dll'
TpTrace Information: 0 : 604, 1, 2024/10/12, 08:09:09.313, 507943040560, vstest.console.dll, GetTestExtensionFromType: Register extension with identifier data 'logger://Microsoft/TestPlatform/HtmlLogger/v1' and type 'Microsoft.VisualStudio.TestPlatform.Extensions.HtmlLogger.HtmlLogger, Microsoft.VisualStudio.TestPlatform.Extensions.Html.TestLogger, Version=15.0.0.0, Culture=neutral, PublicKeyToken=b03f5f7f11d50a3a' inside file 'C:\Program Files\dotnet\sdk\8.0.400\Extensions\Microsoft.VisualStudio.TestPlatform.Extensions.Html.TestLogger.dll'
TpTrace Verbose: 0 : 604, 1, 2024/10/12, 08:09:09.313, 507943042645, vstest.console.dll, MetadataReaderExtensionsHelper: Discovering extensions inside assembly 'Microsoft.VisualStudio.TestPlatform.Extensions.Trx.TestLogger, Version=15.0.0.0, Culture=neutral, PublicKeyToken=b03f5f7f11d50a3a' file path 'C:\Program Files\dotnet\sdk\8.0.400\Extensions\Microsoft.VisualStudio.TestPlatform.Extensions.Trx.TestLogger.dll'
TpTrace Information: 0 : 604, 1, 2024/10/12, 08:09:09.314, 507943055447, vstest.console.dll, GetTestExtensionFromType: Register extension with identifier data 'logger://Microsoft/TestPlatform/TrxLogger/v1' and type 'Microsoft.VisualStudio.TestPlatform.Extensions.TrxLogger.TrxLogger, Microsoft.VisualStudio.TestPlatform.Extensions.Trx.TestLogger, Version=15.0.0.0, Culture=neutral, PublicKeyToken=b03f5f7f11d50a3a' inside file 'C:\Program Files\dotnet\sdk\8.0.400\Extensions\Microsoft.VisualStudio.TestPlatform.Extensions.Trx.TestLogger.dll'
TpTrace Verbose: 0 : 604, 1, 2024/10/12, 08:09:09.314, 507943057400, vstest.console.dll, TestPluginCache: Discovered the extensions using extension path ''.
TpTrace Verbose: 0 : 604, 1, 2024/10/12, 08:09:09.314, 507943057930, vstest.console.dll, TestPluginCache: Discoverers are ''.
TpTrace Verbose: 0 : 604, 1, 2024/10/12, 08:09:09.314, 507943058279, vstest.console.dll, TestPluginCache: Executors are ''.
TpTrace Verbose: 0 : 604, 1, 2024/10/12, 08:09:09.315, 507943058597, vstest.console.dll, TestPluginCache: Executors2 are ''.
TpTrace Verbose: 0 : 604, 1, 2024/10/12, 08:09:09.315, 507943058923, vstest.console.dll, TestPluginCache: Setting providers are ''.
TpTrace Verbose: 0 : 604, 1, 2024/10/12, 08:09:09.315, 507943060279, vstest.console.dll, TestPluginCache: Loggers are 'logger://Microsoft/TestPlatform/Extensions/Blame/v1,logger://Microsoft/TestPlatform/HtmlLogger/v1,logger://Microsoft/TestPlatform/TrxLogger/v1'.
TpTrace Verbose: 0 : 604, 1, 2024/10/12, 08:09:09.315, 507943062364, vstest.console.dll, TestPluginCache: TestHosts are 'HostProvider://DefaultTestHost,HostProvider://DotnetTestHost'.
TpTrace Verbose: 0 : 604, 1, 2024/10/12, 08:09:09.315, 507943063573, vstest.console.dll, TestPluginCache: DataCollectors are ''.
TpTrace Information: 0 : 604, 1, 2024/10/12, 08:09:09.320, 507943113838, vstest.console.dll, TestPluginManager.CreateTestExtension: Attempting to load test extension: Microsoft.TestPlatform.Extensions.BlameDataCollector.BlameLogger
TpTrace Verbose: 0 : 604, 1, 2024/10/12, 08:09:09.346, 507943377333, vstest.console.dll, TestEngine: Initializing Parallel Execution as MaxCpuCount is set to: 1
TpTrace Information: 0 : 604, 1, 2024/10/12, 08:09:09.350, 507943415260, vstest.console.dll, TestPluginManager.CreateTestExtension: Attempting to load test extension: Microsoft.VisualStudio.TestPlatform.CrossPlatEngine.Hosting.DefaultTestHostManager
TpTrace Information: 0 : 604, 1, 2024/10/12, 08:09:09.353, 507943439948, vstest.console.dll, TestPluginManager.CreateTestExtension: Attempting to load test extension: Microsoft.VisualStudio.TestPlatform.CrossPlatEngine.Hosting.DotnetTestHostManager
TpTrace Verbose: 0 : 604, 1, 2024/10/12, 08:09:09.353, 507943445436, vstest.console.dll, TestHostManagerCallbacks.ctor: Forwarding output is enabled.
TpTrace Information: 0 : 604, 1, 2024/10/12, 08:09:09.354, 507943455681, vstest.console.dll, InferRunSettingsHelper.IsTestSettingsEnabled: Unable to navigate to RunSettings/MSTest. Current node: RunSettings
TpTrace Verbose: 0 : 604, 1, 2024/10/12, 08:09:09.356, 507943474250, vstest.console.dll, ParallelOperationManager.ClearSlots: Clearing all slots. Slots should accept more work: True
TpTrace Verbose: 0 : 604, 1, 2024/10/12, 08:09:09.358, 507943489207, vstest.console.dll, ParallelOperationManager.SetOccupiedSlotCount: Setting slot counts AvailableSlotCount = 1, OccupiedSlotCount = 0.
TpTrace Verbose: 0 : 604, 1, 2024/10/12, 08:09:09.358, 507943496759, vstest.console.dll, Occupied slots:

TpTrace Verbose: 0 : 604, 1, 2024/10/12, 08:09:09.366, 507943578073, vstest.console.dll, TestEngine.GetExecutionManager: Chosen execution manager 'Microsoft.VisualStudio.TestPlatform.CrossPlatEngine.Client.Parallel.ParallelProxyExecutionManager, Microsoft.TestPlatform.CrossPlatEngine, Version=15.0.0.0, Culture=neutral, PublicKeyToken=b03f5f7f11d50a3a' ParallelLevel '1'.
TpTrace Verbose: 0 : 604, 1, 2024/10/12, 08:09:09.367, 507943582487, vstest.console.dll, TestPlatform.GetSkipDefaultAdapters: Not skipping default adapters SkipDefaultAdapters was false.
TpTrace Verbose: 0 : 604, 1, 2024/10/12, 08:09:09.370, 507943615987, vstest.console.dll, TestRunRequest.ExecuteAsync: Creating test run request.
TpTrace Verbose: 0 : 604, 1, 2024/10/12, 08:09:09.371, 507943621333, vstest.console.dll, TestRunRequest.ExecuteAsync: Starting.
TpTrace Information: 0 : 604, 1, 2024/10/12, 08:09:09.373, 507943645638, vstest.console.dll, TestRunRequest.ExecuteAsync: Starting run with settings:TestRunCriteria:
   KeepAlive=False,FrequencyOfRunStatsChangeEvent=10,RunStatsChangeEventTimeout=00:00:01.5000000,TestCaseFilter=,TestExecutorLauncher=
   Settingsxml=<RunSettings>
  <RunConfiguration>
    <ResultsDirectory>C:\Users\komet\source\repos\Debug_Lab6\Test_Project\bin\Debug\net8.0\fine-code-coverage\coverage-tool-output</ResultsDirectory>
    <TargetPlatform>X64</TargetPlatform>
    <TargetFrameworkVersion>.NETCoreApp,Version=v8.0</TargetFrameworkVersion>
    <DesignMode>False</DesignMode>
    <CollectSourceInformation>False</CollectSourceInformation>
  </RunConfiguration>
  <LoggerRunSettings>
    <Loggers>
      <Logger friendlyName="blame" enabled="True" />
      <Logger friendlyName="Console" uri="logger://microsoft/TestPlatform/ConsoleLogger/v1" assemblyQualifiedName="Microsoft.VisualStudio.TestPlatform.CommandLine.Internal.ConsoleLogger, vstest.console, Version=15.0.0.0, Culture=neutral, PublicKeyToken=b03f5f7f11d50a3a" codeBase="C:\Program Files\dotnet\sdk\8.0.400\vstest.console.dll" enabled="True" />
    </Loggers>
  </LoggerRunSettings>
  <DataCollectionRunSettings>
    <DataCollectors>
      <DataCollector friendlyName="blame" enabled="True">
        <Configuration>
          <ResultsDirectory>C:\Users\komet\source\repos\Debug_Lab6\Test_Project\bin\Debug\net8.0\fine-code-coverage\coverage-tool-output</ResultsDirectory>
        </Configuration>
      </DataCollector>
    </DataCollectors>
  </DataCollectionRunSettings>
</RunSettings>

TpTrace Verbose: 0 : 604, 1, 2024/10/12, 08:09:09.373, 507943647523, vstest.console.dll, TestRunRequest.ExecuteAsync: Wait for the first run request is over.
TpTrace Verbose: 0 : 604, 1, 2024/10/12, 08:09:09.374, 507943653438, vstest.console.dll, MulticastDelegateUtilities.SafeInvoke: TestRun.TestRunStart: Invoking callbacks was skipped because there are no subscribers.
TpTrace Verbose: 0 : 604, 4, 2024/10/12, 08:09:09.376, 507943670350, vstest.console.dll, MulticastDelegateUtilities.SafeInvoke: InternalTestLoggerEvents.SendTestRunStart: Invoking callback 1/1 for Microsoft.VisualStudio.TestPlatform.CommandLine.Internal.ConsoleLogger., took 1 ms.
TpTrace Verbose: 0 : 604, 1, 2024/10/12, 08:09:09.377, 507943684362, vstest.console.dll, ParallelProxyExecutionManager: Start execution. Total sources: 1
TpTrace Verbose: 0 : 604, 1, 2024/10/12, 08:09:09.378, 507943692462, vstest.console.dll, ParallelOperationManager.StartWork: Starting adding 1 workloads.
TpTrace Verbose: 0 : 604, 1, 2024/10/12, 08:09:09.378, 507943695848, vstest.console.dll, ParallelOperationManager.ClearSlots: Clearing all slots. Slots should accept more work: True
TpTrace Verbose: 0 : 604, 1, 2024/10/12, 08:09:09.378, 507943697665, vstest.console.dll, ParallelOperationManager.SetOccupiedSlotCount: Setting slot counts AvailableSlotCount = 1, OccupiedSlotCount = 0.
TpTrace Verbose: 0 : 604, 1, 2024/10/12, 08:09:09.378, 507943698493, vstest.console.dll, Occupied slots:

TpTrace Verbose: 0 : 604, 1, 2024/10/12, 08:09:09.382, 507943729116, vstest.console.dll, TestHostManagerCallbacks.ctor: Forwarding output is enabled.
TpTrace Verbose: 0 : 604, 1, 2024/10/12, 08:09:09.382, 507943736168, vstest.console.dll, TestRequestSender is acting as server.
TpTrace Verbose: 0 : 604, 1, 2024/10/12, 08:09:09.387, 507943779200, vstest.console.dll, ParallelOperationManager.RunWorkInParallel: Adding 1 workload to slot, remaining workloads 0.
TpTrace Verbose: 0 : 604, 1, 2024/10/12, 08:09:09.387, 507943781079, vstest.console.dll, ParallelOperationManager.SetOccupiedSlotCount: Setting slot counts AvailableSlotCount = 0, OccupiedSlotCount = 1.
TpTrace Verbose: 0 : 604, 1, 2024/10/12, 08:09:09.387, 507943784752, vstest.console.dll, Occupied slots:
0: C:\Users\komet\source\repos\Debug_Lab6\Test_Project\bin\Debug\net8.0\fine-code-coverage\build-output\Test_Project.dll
TpTrace Verbose: 0 : 604, 1, 2024/10/12, 08:09:09.390, 507943817840, vstest.console.dll, ParallelOperationManager.RunWorkInParallel: Started host in slot number 0 for work (source): C:\Users\komet\source\repos\Debug_Lab6\Test_Project\bin\Debug\net8.0\fine-code-coverage\build-output\Test_Project.dll.
TpTrace Verbose: 0 : 604, 5, 2024/10/12, 08:09:09.395, 507943861352, vstest.console.dll, ParallelProxyExecutionManager.StartTestRunOnConcurrentManager: Initializing uninitialized client. Started clients: 0
TpTrace Verbose: 0 : 604, 1, 2024/10/12, 08:09:09.395, 507943866899, vstest.console.dll, ParallelOperationManager.RunWorkInParallel: We started 1 work items, which is the max parallel level. Won't start more work.
TpTrace Verbose: 0 : 604, 5, 2024/10/12, 08:09:09.395, 507943868134, vstest.console.dll, DataCollectionRequestSender.InitializeCommunication : Initialize communication. 
TpTrace Verbose: 0 : 604, 1, 2024/10/12, 08:09:09.395, 507943868486, vstest.console.dll, ParallelOperationManager.RunWorkInParallel: We started 1 work items in here, returning True.
TpTrace Information: 0 : 604, 1, 2024/10/12, 08:09:09.396, 507943869802, vstest.console.dll, TestRunRequest.ExecuteAsync: Started.
TpTrace Verbose: 0 : 604, 1, 2024/10/12, 08:09:09.397, 507943881529, vstest.console.dll, TestRunRequest.WaitForCompletion: Waiting with timeout -1.
TpTrace Information: 0 : 604, 5, 2024/10/12, 08:09:09.411, 507944028171, vstest.console.dll, Listening on Endpoint : 127.0.0.1:52513
TpTrace Verbose: 0 : 604, 5, 2024/10/12, 08:09:09.428, 507944196215, vstest.console.dll, DotnetDataCollectionLauncher: Adding  --runtimeconfig "C:\Program Files\dotnet\sdk\8.0.400\datacollector.runtimeconfig.json" in args
TpTrace Verbose: 0 : 604, 5, 2024/10/12, 08:09:09.429, 507944202792, vstest.console.dll, DotnetDataCollectionLauncher: Adding  --depsfile "C:\Program Files\dotnet\sdk\8.0.400\datacollector.deps.json" in args
TpTrace Verbose: 0 : 604, 5, 2024/10/12, 08:09:09.429, 507944207163, vstest.console.dll, DotnetDataCollectionLauncher: Full path of dotnet.exe is C:\Program Files\dotnet\dotnet.exe
TpTrace Information: 0 : 604, 5, 2024/10/12, 08:09:09.443, 507944347357, vstest.console.dll, ProxyDataCollectionManager.Initialize: Launched datacollector processId: 13652 port: 52513
TpTrace Information: 0 : 604, 5, 2024/10/12, 08:09:09.444, 507944350312, vstest.console.dll, ProxyDataCollectionManager.Initialize: waiting for connection with timeout: 90 seconds
TpTrace Verbose: 0 : 604, 5, 2024/10/12, 08:09:09.444, 507944351543, vstest.console.dll, DataCollectionRequestSender.WaitForRequestHandlerConnection : Waiting for connection with timeout: 90000
TpTrace Information: 0 : 604, 7, 2024/10/12, 08:09:09.712, 507947028794, vstest.console.dll, Using the buffer size of 16384 bytes
TpTrace Verbose: 0 : 604, 5, 2024/10/12, 08:09:09.712, 507947029347, vstest.console.dll, SocketCommunicationManager.WaitForClientConnection took: 267 ms, with 90000 ms timeout, and finished with True.
TpTrace Information: 0 : 604, 7, 2024/10/12, 08:09:09.712, 507947031485, vstest.console.dll, Accepted Client request and set the flag
TpTrace Verbose: 0 : 604, 5, 2024/10/12, 08:09:09.712, 507947033419, vstest.console.dll, ProxyDataCollectionManager.InvokeDataCollectionServiceAction: Starting.
TpTrace Information: 0 : 604, 5, 2024/10/12, 08:09:09.712, 507947034872, vstest.console.dll, ProxyDataCollectionManager.BeforeTestRunStart: Get environment variable and port for datacollector processId: 13652 port: 52513
TpTrace Verbose: 0 : 604, 5, 2024/10/12, 08:09:09.712, 507947036672, vstest.console.dll, DataCollectionRequestSender.SendBeforeTestRunStartAndGetResult: Send BeforeTestRunStart message with settingsXml <RunSettings><RunConfiguration><ResultsDirectory>C:\Users\komet\source\repos\Debug_Lab6\Test_Project\bin\Debug\net8.0\fine-code-coverage\coverage-tool-output</ResultsDirectory><TargetPlatform>X64</TargetPlatform><TargetFrameworkVersion>.NETCoreApp,Version=v8.0</TargetFrameworkVersion><DesignMode>False</DesignMode><CollectSourceInformation>False</CollectSourceInformation><TestAdaptersPaths>C:\Program Files\dotnet\sdk\8.0.400\Extensions</TestAdaptersPaths></RunConfiguration><LoggerRunSettings><Loggers><Logger friendlyName="blame" enabled="True" /><Logger friendlyName="Console" uri="logger://microsoft/TestPlatform/ConsoleLogger/v1" assemblyQualifiedName="Microsoft.VisualStudio.TestPlatform.CommandLine.Internal.ConsoleLogger, vstest.console, Version=15.0.0.0, Culture=neutral, PublicKeyToken=b03f5f7f11d50a3a" codeBase="C:\Program Files\dotnet\sdk\8.0.400\vstest.console.dll" enabled="True" /></Loggers></LoggerRunSettings><DataCollectionRunSettings><DataCollectors><DataCollector friendlyName="blame" enabled="True"><Configuration><ResultsDirectory>C:\Users\komet\source\repos\Debug_Lab6\Test_Project\bin\Debug\net8.0\fine-code-coverage\coverage-tool-output</ResultsDirectory></Configuration></DataCollector></DataCollectors></DataCollectionRunSettings></RunSettings> and sources System.Collections.Generic.List`1[System.String]: 
TpTrace Verbose: 0 : 604, 5, 2024/10/12, 08:09:09.781, 507947722456, vstest.console.dll, DataCollectionRequestSender.SendBeforeTestRunStartAndGetResult: Received message: (DataCollection.SendMessage) -> {"MessageType":"DataCollection.SendMessage","Payload":{"FriendlyName":null,"Uri":null,"TestCaseId":"00000000-0000-0000-0000-000000000000","Message":"Logging DataCollector Diagnostics in file: C:\\Users\\komet\\source\\repos\\Debug_Lab6\\Test_Project\\bin\\Debug\\net8.0\\fine-code-coverage\\coverage-tool-output\\diagnostics.datacollector.24-10-12_08-09-09_42745_5.log","Level":0}}
TpTrace Verbose: 0 : 604, 5, 2024/10/12, 08:09:09.906, 507948975634, vstest.console.dll, DataCollectionRequestSender.SendBeforeTestRunStartAndGetResult: Received message: (DataCollection.BeforeTestRunStartResult) -> {"MessageType":"DataCollection.BeforeTestRunStartResult","Payload":{"EnvironmentVariables":{},"DataCollectionEventsPort":52516}}
TpTrace Information: 0 : 604, 5, 2024/10/12, 08:09:09.912, 507949028935, vstest.console.dll, ProxyDataCollectionManager.BeforeTestRunStart: SendBeforeTestRunStartAndGetResult successful, env variable from datacollector:   and testhost port: 52516
TpTrace Information: 0 : 604, 5, 2024/10/12, 08:09:09.912, 507949030453, vstest.console.dll, ProxyDataCollectionManager.InvokeDataCollectionServiceAction: Completed.
TpTrace Verbose: 0 : 604, 5, 2024/10/12, 08:09:09.912, 507949030801, vstest.console.dll, ParallelProxyExecutionManager.StartTestRunOnConcurrentManager: Initializing test run. Started clients: 0
TpTrace Verbose: 0 : 604, 5, 2024/10/12, 08:09:09.912, 507949031878, vstest.console.dll, ProxyExecutionManager: Test host is always Lazy initialize.
TpTrace Verbose: 0 : 604, 5, 2024/10/12, 08:09:09.912, 507949034102, vstest.console.dll, TestRequestSender.InitializeCommunication: initialize communication. 
TpTrace Information: 0 : 604, 5, 2024/10/12, 08:09:09.913, 507949040088, vstest.console.dll, SocketServer.Start: Listening on endpoint : 127.0.0.1:52517
TpTrace Verbose: 0 : 604, 5, 2024/10/12, 08:09:09.914, 507949049392, vstest.console.dll, DotnetTestHostmanager.GetTestHostProcessStartInfo: Platform environment 'X64' target architecture 'X64' framework '.NETCoreApp,Version=v8.0' OS 'Windows'
TpTrace Verbose: 0 : 604, 5, 2024/10/12, 08:09:09.915, 507949058676, vstest.console.dll, DotnetTestHostmanager: Adding  --runtimeconfig "C:\Users\komet\source\repos\Debug_Lab6\Test_Project\bin\Debug\net8.0\fine-code-coverage\build-output\Test_Project.runtimeconfig.json" in args
TpTrace Verbose: 0 : 604, 5, 2024/10/12, 08:09:09.915, 507949063207, vstest.console.dll, DotnetTestHostmanager: Adding  --depsfile "C:\Users\komet\source\repos\Debug_Lab6\Test_Project\bin\Debug\net8.0\fine-code-coverage\build-output\Test_Project.deps.json" in args
TpTrace Verbose: 0 : 604, 5, 2024/10/12, 08:09:09.915, 507949066369, vstest.console.dll, DotnetTestHostmanager.IsWinOnArm: Current PROCESSOR_ARCHITECTURE from environment variable 'AMD64'
TpTrace Verbose: 0 : 604, 5, 2024/10/12, 08:09:09.915, 507949067240, vstest.console.dll, DotnetTestHostmanager.IsWinOnArm: Is Windows on ARM 'False'
TpTrace Verbose: 0 : 604, 5, 2024/10/12, 08:09:09.915, 507949068456, vstest.console.dll, DotnetTestHostManager: testhost.exe found at path: C:\Users\komet\source\repos\Debug_Lab6\Test_Project\bin\Debug\net8.0\fine-code-coverage\build-output\testhost.exe
TpTrace Verbose: 0 : 604, 5, 2024/10/12, 08:09:09.916, 507949068954, vstest.console.dll, DotnetTestHostmanager: Full path of host exe is C:\Users\komet\source\repos\Debug_Lab6\Test_Project\bin\Debug\net8.0\fine-code-coverage\build-output\testhost.exe
TpTrace Verbose: 0 : 604, 5, 2024/10/12, 08:09:09.916, 507949070638, vstest.console.dll, DotnetTestHostmanager.LaunchTestHostAsync: Found 'VSTEST_WINAPPHOST_DOTNET_ROOT' in env variables, value 'C:\Program Files\dotnet', forwarding to 'DOTNET_ROOT'
TpTrace Verbose: 0 : 604, 5, 2024/10/12, 08:09:09.916, 507949072340, vstest.console.dll, DotnetTestHostManager: Starting process 'C:\Users\komet\source\repos\Debug_Lab6\Test_Project\bin\Debug\net8.0\fine-code-coverage\build-output\testhost.exe' with command line ' --runtimeconfig "C:\Users\komet\source\repos\Debug_Lab6\Test_Project\bin\Debug\net8.0\fine-code-coverage\build-output\Test_Project.runtimeconfig.json" --depsfile "C:\Users\komet\source\repos\Debug_Lab6\Test_Project\bin\Debug\net8.0\fine-code-coverage\build-output\Test_Project.deps.json" --port 52517 --endpoint 127.0.0.1:052517 --role client --parentprocessid 604 --diag "C:\Users\komet\source\repos\Debug_Lab6\Test_Project\bin\Debug\net8.0\fine-code-coverage\coverage-tool-output\diagnostics.host.24-10-12_08-09-09_91365_5.log" --tracelevel 4 --datacollectionport 52516 --telemetryoptedin false'
TpTrace Verbose: 0 : 604, 5, 2024/10/12, 08:09:09.925, 507949166855, vstest.console.dll, MulticastDelegateUtilities.SafeInvoke: HostProviderEvents.OnHostLaunched: Invoking callback 1/2 for Microsoft.VisualStudio.TestPlatform.CrossPlatEngine.Client.ProxyExecutionManagerWithDataCollection., took 1 ms.
TpTrace Verbose: 0 : 604, 5, 2024/10/12, 08:09:09.926, 507949173188, vstest.console.dll, Test Runtime launched
TpTrace Verbose: 0 : 604, 5, 2024/10/12, 08:09:09.926, 507949174977, vstest.console.dll, MulticastDelegateUtilities.SafeInvoke: HostProviderEvents.OnHostLaunched: Invoking callback 2/2 for Microsoft.VisualStudio.TestPlatform.CrossPlatEngine.Client.ProxyOperationManager., took 0 ms.
TpTrace Verbose: 0 : 604, 5, 2024/10/12, 08:09:09.926, 507949177230, vstest.console.dll, TestRequestSender.WaitForRequestHandlerConnection: waiting for connection with timeout: 90000.
TpTrace Verbose: 0 : 604, 5, 2024/10/12, 08:09:10.207, 507951986112, vstest.console.dll, TestRequestSender.WaitForRequestHandlerConnection: waiting took 280 ms, with timeout 90000 ms, and result 0, which is success.
TpTrace Verbose: 0 : 604, 13, 2024/10/12, 08:09:10.207, 507951986126, vstest.console.dll, MulticastDelegateUtilities.SafeInvoke: SocketServer: ClientConnected: Invoking callback 1/1 for Microsoft.VisualStudio.TestPlatform.CommunicationUtilities.TestRequestSender., took 0 ms.
TpTrace Verbose: 0 : 604, 13, 2024/10/12, 08:09:10.208, 507951989935, vstest.console.dll, SocketServer.OnClientConnected: Client connected for endPoint: 127.0.0.1:52517, starting MessageLoopAsync:
TpTrace Verbose: 0 : 604, 14, 2024/10/12, 08:09:10.208, 507951997775, vstest.console.dll, TcpClientExtensions.MessageLoopAsync: Polling on remoteEndPoint: 127.0.0.1:52518 localEndPoint: 127.0.0.1:52517 after 0 ms
TpTrace Verbose: 0 : 604, 5, 2024/10/12, 08:09:10.209, 507952003647, vstest.console.dll, TestRequestSender.CheckVersionWithTestHost: Sending check version message: {"MessageType":"ProtocolVersion","Payload":7}
TpTrace Verbose: 0 : 604, 14, 2024/10/12, 08:09:10.345, 507953366241, vstest.console.dll, TcpClientExtensions.MessageLoopAsync: NotifyDataAvailable remoteEndPoint: 127.0.0.1:52518 localEndPoint: 127.0.0.1:52517
TpTrace Verbose: 0 : 604, 14, 2024/10/12, 08:09:10.346, 507953370283, vstest.console.dll, TestRequestSender.CheckVersionWithTestHost: onMessageReceived received message: (ProtocolVersion) -> {"MessageType":"ProtocolVersion","Payload":7}
TpTrace Verbose: 0 : 604, 14, 2024/10/12, 08:09:10.348, 507953388667, vstest.console.dll, MulticastDelegateUtilities.SafeInvoke: LengthPrefixCommunicationChannel: MessageReceived: Invoking callback 1/1 for Microsoft.VisualStudio.TestPlatform.CommunicationUtilities.TestRequestSender+<>c__DisplayClass29_0., took 1 ms.
TpTrace Verbose: 0 : 604, 14, 2024/10/12, 08:09:10.348, 507953390715, vstest.console.dll, TcpClientExtensions.MessageLoopAsync: Polling on remoteEndPoint: 127.0.0.1:52518 localEndPoint: 127.0.0.1:52517 after 139 ms
TpTrace Verbose: 0 : 604, 5, 2024/10/12, 08:09:10.348, 507953390534, vstest.console.dll, TestPluginCache.GetExtensionPaths: Filtered extension paths: 
TpTrace Verbose: 0 : 604, 5, 2024/10/12, 08:09:10.348, 507953393087, vstest.console.dll, TestPluginCache.GetExtensionPaths: Added default extension paths: C:\Program Files\dotnet\sdk\8.0.400\Extensions\Microsoft.Diagnostics.NETCore.Client.dll
C:\Program Files\dotnet\sdk\8.0.400\Extensions\Microsoft.TestPlatform.Extensions.BlameDataCollector.dll
C:\Program Files\dotnet\sdk\8.0.400\Extensions\Microsoft.TestPlatform.Extensions.EventLogCollector.dll
C:\Program Files\dotnet\sdk\8.0.400\Extensions\Microsoft.TestPlatform.TestHostRuntimeProvider.dll
C:\Program Files\dotnet\sdk\8.0.400\Extensions\Microsoft.VisualStudio.TestPlatform.Extensions.Html.TestLogger.dll
C:\Program Files\dotnet\sdk\8.0.400\Extensions\Microsoft.VisualStudio.TestPlatform.Extensions.Trx.TestLogger.dll
TpTrace Verbose: 0 : 604, 5, 2024/10/12, 08:09:10.348, 507953393795, vstest.console.dll, TestPluginCache.GetExtensionPaths: Added unfilterableExtensionPaths: 
TpTrace Verbose: 0 : 604, 5, 2024/10/12, 08:09:10.352, 507953436165, vstest.console.dll, TestRequestSender.InitializeExecution: Sending initialize execution with message: {"Version":7,"MessageType":"TestExecution.Initialize","Payload":["C:\\Users\\komet\\source\\repos\\Debug_Lab6\\Test_Project\\bin\\Debug\\net8.0\\fine-code-coverage\\build-output\\xunit.runner.visualstudio.testadapter.dll"]}
TpTrace Verbose: 0 : 604, 5, 2024/10/12, 08:09:10.353, 507953438945, vstest.console.dll, ParallelProxyExecutionManager.StartTestRunOnConcurrentManager: Execution starting. Started clients: 1
TpTrace Verbose: 0 : 604, 5, 2024/10/12, 08:09:10.353, 507953447023, vstest.console.dll, TestRunRequest:SendTestRunMessage: Starting.
TpTrace Verbose: 0 : 604, 5, 2024/10/12, 08:09:10.354, 507953449781, vstest.console.dll, MulticastDelegateUtilities.SafeInvoke: TestRun.LogMessages: Invoking callback 1/1 for Microsoft.VisualStudio.TestPlatform.CommandLine.TestRunResultAggregator., took 0 ms.
TpTrace Information: 0 : 604, 5, 2024/10/12, 08:09:10.354, 507953450252, vstest.console.dll, TestRunRequest:SendTestRunMessage: Completed.
TpTrace Verbose: 0 : 604, 4, 2024/10/12, 08:09:10.354, 507953454274, vstest.console.dll, MulticastDelegateUtilities.SafeInvoke: InternalTestLoggerEvents.SendTestRunMessage: Invoking callback 1/1 for Microsoft.VisualStudio.TestPlatform.CommandLine.Internal.ConsoleLogger., took 0 ms.
TpTrace Warning: 0 : 604, 5, 2024/10/12, 08:09:10.354, 507953455611, vstest.console.dll, InferRunSettingsHelper.MakeRunsettingsCompatible: Removing the following settings: TargetPlatform from RunSettings file. To use those settings please move to latest version of Microsoft.NET.Test.Sdk
TpTrace Verbose: 0 : 604, 14, 2024/10/12, 08:09:10.355, 507953460890, vstest.console.dll, TcpClientExtensions.MessageLoopAsync: NotifyDataAvailable remoteEndPoint: 127.0.0.1:52518 localEndPoint: 127.0.0.1:52517
TpTrace Verbose: 0 : 604, 14, 2024/10/12, 08:09:10.356, 507953469865, vstest.console.dll, TestRequestSender.OnExecutionMessageReceived: Received message: {"Version":7,"MessageType":"TestSession.Message","Payload":{"MessageLevel":0,"Message":"Ведение журналов диагностики TestHost в файле: C:\\Users\\komet\\source\\repos\\Debug_Lab6\\Test_Project\\bin\\Debug\\net8.0\\fine-code-coverage\\coverage-tool-output\\diagnostics.host.24-10-12_08-09-09_91365_5.log"}}
TpTrace Verbose: 0 : 604, 14, 2024/10/12, 08:09:10.359, 507953507611, vstest.console.dll, TestRunRequest:SendTestRunMessage: Starting.
TpTrace Verbose: 0 : 604, 14, 2024/10/12, 08:09:10.360, 507953509481, vstest.console.dll, MulticastDelegateUtilities.SafeInvoke: TestRun.LogMessages: Invoking callback 1/1 for Microsoft.VisualStudio.TestPlatform.CommandLine.TestRunResultAggregator., took 0 ms.
TpTrace Information: 0 : 604, 14, 2024/10/12, 08:09:10.360, 507953509851, vstest.console.dll, TestRunRequest:SendTestRunMessage: Completed.
TpTrace Verbose: 0 : 604, 14, 2024/10/12, 08:09:10.360, 507953510269, vstest.console.dll, MulticastDelegateUtilities.SafeInvoke: LengthPrefixCommunicationChannel: MessageReceived: Invoking callback 1/1 for Microsoft.VisualStudio.TestPlatform.CommunicationUtilities.TestRequestSender+<>c__DisplayClass34_0., took 4 ms.
TpTrace Verbose: 0 : 604, 14, 2024/10/12, 08:09:10.360, 507953510652, vstest.console.dll, TcpClientExtensions.MessageLoopAsync: Polling on remoteEndPoint: 127.0.0.1:52518 localEndPoint: 127.0.0.1:52517 after 11 ms
TpTrace Verbose: 0 : 604, 4, 2024/10/12, 08:09:10.360, 507953510614, vstest.console.dll, MulticastDelegateUtilities.SafeInvoke: InternalTestLoggerEvents.SendTestRunMessage: Invoking callback 1/1 for Microsoft.VisualStudio.TestPlatform.CommandLine.Internal.ConsoleLogger., took 0 ms.
TpTrace Verbose: 0 : 604, 5, 2024/10/12, 08:09:10.363, 507953544567, vstest.console.dll, TestRequestSender.StartTestRun: Sending test run with message: {"Version":7,"MessageType":"TestExecution.StartWithSources","Payload":{"AdapterSourceMap":{"_none_":["C:\\Users\\komet\\source\\repos\\Debug_Lab6\\Test_Project\\bin\\Debug\\net8.0\\fine-code-coverage\\build-output\\Test_Project.dll"]},"RunSettings":"<RunSettings>\r\n  <RunConfiguration>\r\n    <ResultsDirectory>C:\\Users\\komet\\source\\repos\\Debug_Lab6\\Test_Project\\bin\\Debug\\net8.0\\fine-code-coverage\\coverage-tool-output</ResultsDirectory>\r\n    <TargetFrameworkVersion>.NETCoreApp,Version=v8.0</TargetFrameworkVersion>\r\n    <DesignMode>False</DesignMode>\r\n    <CollectSourceInformation>False</CollectSourceInformation>\r\n  </RunConfiguration>\r\n  <LoggerRunSettings>\r\n    <Loggers>\r\n      <Logger friendlyName=\"blame\" enabled=\"True\" />\r\n      <Logger friendlyName=\"Console\" uri=\"logger://microsoft/TestPlatform/ConsoleLogger/v1\" assemblyQualifiedName=\"Microsoft.VisualStudio.TestPlatform.CommandLine.Internal.ConsoleLogger, vstest.console, Version=15.0.0.0, Culture=neutral, PublicKeyToken=b03f5f7f11d50a3a\" codeBase=\"C:\\Program Files\\dotnet\\sdk\\8.0.400\\vstest.console.dll\" enabled=\"True\" />\r\n    </Loggers>\r\n  </LoggerRunSettings>\r\n  <DataCollectionRunSettings>\r\n    <DataCollectors>\r\n      <DataCollector friendlyName=\"blame\" enabled=\"True\">\r\n        <Configuration>\r\n          <ResultsDirectory>C:\\Users\\komet\\source\\repos\\Debug_Lab6\\Test_Project\\bin\\Debug\\net8.0\\fine-code-coverage\\coverage-tool-output</ResultsDirectory>\r\n        </Configuration>\r\n      </DataCollector>\r\n    </DataCollectors>\r\n  </DataCollectionRunSettings>\r\n</RunSettings>","TestExecutionContext":{"FrequencyOfRunStatsChangeEvent":10,"RunStatsChangeEventTimeout":"00:00:01.5000000","InIsolation":false,"KeepAlive":false,"AreTestCaseLevelEventsRequired":false,"IsDebug":false,"TestCaseFilter":null,"FilterOptions":null},"Package":null}}
TpTrace Verbose: 0 : 604, 5, 2024/10/12, 08:09:10.363, 507953546729, vstest.console.dll, ParallelProxyExecutionManager.StartTestRunOnConcurrentManager: Execution started. Started clients: 1
TpTrace Verbose: 0 : 604, 14, 2024/10/12, 08:09:10.566, 507955574374, vstest.console.dll, TcpClientExtensions.MessageLoopAsync: NotifyDataAvailable remoteEndPoint: 127.0.0.1:52518 localEndPoint: 127.0.0.1:52517
TpTrace Verbose: 0 : 604, 14, 2024/10/12, 08:09:10.566, 507955577077, vstest.console.dll, TestRequestSender.OnExecutionMessageReceived: Received message: {"Version":7,"MessageType":"TestSession.Message","Payload":{"MessageLevel":0,"Message":"[xUnit.net 00:00:00.00] xUnit.net VSTest Adapter v2.8.2+699d445a1a (64-bit .NET 8.0.8)"}}
TpTrace Verbose: 0 : 604, 14, 2024/10/12, 08:09:10.567, 507955580333, vstest.console.dll, TestRunRequest:SendTestRunMessage: Starting.
TpTrace Verbose: 0 : 604, 14, 2024/10/12, 08:09:10.567, 507955581824, vstest.console.dll, MulticastDelegateUtilities.SafeInvoke: TestRun.LogMessages: Invoking callback 1/1 for Microsoft.VisualStudio.TestPlatform.CommandLine.TestRunResultAggregator., took 0 ms.
TpTrace Verbose: 0 : 604, 4, 2024/10/12, 08:09:10.567, 507955582161, vstest.console.dll, MulticastDelegateUtilities.SafeInvoke: InternalTestLoggerEvents.SendTestRunMessage: Invoking callback 1/1 for Microsoft.VisualStudio.TestPlatform.CommandLine.Internal.ConsoleLogger., took 0 ms.
TpTrace Information: 0 : 604, 14, 2024/10/12, 08:09:10.567, 507955582381, vstest.console.dll, TestRunRequest:SendTestRunMessage: Completed.
TpTrace Verbose: 0 : 604, 14, 2024/10/12, 08:09:10.567, 507955585433, vstest.console.dll, MulticastDelegateUtilities.SafeInvoke: LengthPrefixCommunicationChannel: MessageReceived: Invoking callback 1/1 for Microsoft.VisualStudio.TestPlatform.CommunicationUtilities.TestRequestSender+<>c__DisplayClass34_0., took 0 ms.
TpTrace Verbose: 0 : 604, 14, 2024/10/12, 08:09:10.567, 507955587145, vstest.console.dll, TcpClientExtensions.MessageLoopAsync: Polling on remoteEndPoint: 127.0.0.1:52518 localEndPoint: 127.0.0.1:52517 after 207 ms
TpTrace Verbose: 0 : 604, 14, 2024/10/12, 08:09:10.658, 507956493516, vstest.console.dll, TcpClientExtensions.MessageLoopAsync: NotifyDataAvailable remoteEndPoint: 127.0.0.1:52518 localEndPoint: 127.0.0.1:52517
TpTrace Verbose: 0 : 604, 14, 2024/10/12, 08:09:10.658, 507956496530, vstest.console.dll, TestRequestSender.OnExecutionMessageReceived: Received message: {"Version":7,"MessageType":"TestSession.Message","Payload":{"MessageLevel":0,"Message":"[xUnit.net 00:00:00.09]   Discovering: Test_Project"}}
TpTrace Verbose: 0 : 604, 14, 2024/10/12, 08:09:10.658, 507956498370, vstest.console.dll, TestRunRequest:SendTestRunMessage: Starting.
TpTrace Verbose: 0 : 604, 14, 2024/10/12, 08:09:10.659, 507956499566, vstest.console.dll, MulticastDelegateUtilities.SafeInvoke: TestRun.LogMessages: Invoking callback 1/1 for Microsoft.VisualStudio.TestPlatform.CommandLine.TestRunResultAggregator., took 0 ms.
TpTrace Information: 0 : 604, 14, 2024/10/12, 08:09:10.659, 507956500110, vstest.console.dll, TestRunRequest:SendTestRunMessage: Completed.
TpTrace Verbose: 0 : 604, 14, 2024/10/12, 08:09:10.659, 507956500606, vstest.console.dll, MulticastDelegateUtilities.SafeInvoke: LengthPrefixCommunicationChannel: MessageReceived: Invoking callback 1/1 for Microsoft.VisualStudio.TestPlatform.CommunicationUtilities.TestRequestSender+<>c__DisplayClass34_0., took 0 ms.
TpTrace Verbose: 0 : 604, 14, 2024/10/12, 08:09:10.659, 507956501122, vstest.console.dll, TcpClientExtensions.MessageLoopAsync: Polling on remoteEndPoint: 127.0.0.1:52518 localEndPoint: 127.0.0.1:52517 after 91 ms
TpTrace Verbose: 0 : 604, 4, 2024/10/12, 08:09:10.659, 507956502899, vstest.console.dll, MulticastDelegateUtilities.SafeInvoke: InternalTestLoggerEvents.SendTestRunMessage: Invoking callback 1/1 for Microsoft.VisualStudio.TestPlatform.CommandLine.Internal.ConsoleLogger., took 0 ms.
TpTrace Verbose: 0 : 604, 14, 2024/10/12, 08:09:10.719, 507957104477, vstest.console.dll, TcpClientExtensions.MessageLoopAsync: NotifyDataAvailable remoteEndPoint: 127.0.0.1:52518 localEndPoint: 127.0.0.1:52517
TpTrace Verbose: 0 : 604, 14, 2024/10/12, 08:09:10.719, 507957106495, vstest.console.dll, TestRequestSender.OnExecutionMessageReceived: Received message: {"Version":7,"MessageType":"TestSession.Message","Payload":{"MessageLevel":0,"Message":"[xUnit.net 00:00:00.15]   Discovered:  Test_Project"}}
TpTrace Verbose: 0 : 604, 14, 2024/10/12, 08:09:10.719, 507957107938, vstest.console.dll, TestRunRequest:SendTestRunMessage: Starting.
TpTrace Verbose: 0 : 604, 14, 2024/10/12, 08:09:10.720, 507957108656, vstest.console.dll, MulticastDelegateUtilities.SafeInvoke: TestRun.LogMessages: Invoking callback 1/1 for Microsoft.VisualStudio.TestPlatform.CommandLine.TestRunResultAggregator., took 0 ms.
TpTrace Information: 0 : 604, 14, 2024/10/12, 08:09:10.720, 507957109194, vstest.console.dll, TestRunRequest:SendTestRunMessage: Completed.
TpTrace Verbose: 0 : 604, 14, 2024/10/12, 08:09:10.720, 507957109626, vstest.console.dll, MulticastDelegateUtilities.SafeInvoke: LengthPrefixCommunicationChannel: MessageReceived: Invoking callback 1/1 for Microsoft.VisualStudio.TestPlatform.CommunicationUtilities.TestRequestSender+<>c__DisplayClass34_0., took 0 ms.
TpTrace Verbose: 0 : 604, 4, 2024/10/12, 08:09:10.720, 507957109764, vstest.console.dll, MulticastDelegateUtilities.SafeInvoke: InternalTestLoggerEvents.SendTestRunMessage: Invoking callback 1/1 for Microsoft.VisualStudio.TestPlatform.CommandLine.Internal.ConsoleLogger., took 0 ms.
TpTrace Verbose: 0 : 604, 14, 2024/10/12, 08:09:10.720, 507957110075, vstest.console.dll, TcpClientExtensions.MessageLoopAsync: Polling on remoteEndPoint: 127.0.0.1:52518 localEndPoint: 127.0.0.1:52517 after 60 ms
TpTrace Verbose: 0 : 604, 14, 2024/10/12, 08:09:10.723, 507957139450, vstest.console.dll, TcpClientExtensions.MessageLoopAsync: NotifyDataAvailable remoteEndPoint: 127.0.0.1:52518 localEndPoint: 127.0.0.1:52517
TpTrace Verbose: 0 : 604, 14, 2024/10/12, 08:09:10.723, 507957142286, vstest.console.dll, TestRequestSender.OnExecutionMessageReceived: Received message: {"Version":7,"MessageType":"TestSession.Message","Payload":{"MessageLevel":0,"Message":"[xUnit.net 00:00:00.16]   Starting:    Test_Project"}}
TpTrace Verbose: 0 : 604, 14, 2024/10/12, 08:09:10.723, 507957145126, vstest.console.dll, TestRunRequest:SendTestRunMessage: Starting.
TpTrace Verbose: 0 : 604, 14, 2024/10/12, 08:09:10.723, 507957146586, vstest.console.dll, MulticastDelegateUtilities.SafeInvoke: TestRun.LogMessages: Invoking callback 1/1 for Microsoft.VisualStudio.TestPlatform.CommandLine.TestRunResultAggregator., took 0 ms.
TpTrace Information: 0 : 604, 14, 2024/10/12, 08:09:10.723, 507957147185, vstest.console.dll, TestRunRequest:SendTestRunMessage: Completed.
TpTrace Verbose: 0 : 604, 4, 2024/10/12, 08:09:10.723, 507957147221, vstest.console.dll, MulticastDelegateUtilities.SafeInvoke: InternalTestLoggerEvents.SendTestRunMessage: Invoking callback 1/1 for Microsoft.VisualStudio.TestPlatform.CommandLine.Internal.ConsoleLogger., took 0 ms.
TpTrace Verbose: 0 : 604, 14, 2024/10/12, 08:09:10.724, 507957148933, vstest.console.dll, MulticastDelegateUtilities.SafeInvoke: LengthPrefixCommunicationChannel: MessageReceived: Invoking callback 1/1 for Microsoft.VisualStudio.TestPlatform.CommunicationUtilities.TestRequestSender+<>c__DisplayClass34_0., took 0 ms.
TpTrace Verbose: 0 : 604, 14, 2024/10/12, 08:09:10.724, 507957149724, vstest.console.dll, TcpClientExtensions.MessageLoopAsync: Polling on remoteEndPoint: 127.0.0.1:52518 localEndPoint: 127.0.0.1:52517 after 3 ms
TpTrace Verbose: 0 : 604, 14, 2024/10/12, 08:09:11.102, 507960937273, vstest.console.dll, TcpClientExtensions.MessageLoopAsync: NotifyDataAvailable remoteEndPoint: 127.0.0.1:52518 localEndPoint: 127.0.0.1:52517
TpTrace Verbose: 0 : 604, 14, 2024/10/12, 08:09:11.103, 507960939463, vstest.console.dll, TestRequestSender.OnExecutionMessageReceived: Received message: {"Version":7,"MessageType":"TestSession.Message","Payload":{"MessageLevel":2,"Message":"[xUnit.net 00:00:00.54]     ConverterTests.ToBinary_ShouldReturnCorrectBinary_ForValidInputs(input: \"2147483647\", expected: \"11111111\") [FAIL]"}}
TpTrace Verbose: 0 : 604, 14, 2024/10/12, 08:09:11.103, 507960940991, vstest.console.dll, TestRunRequest:SendTestRunMessage: Starting.
TpTrace Verbose: 0 : 604, 14, 2024/10/12, 08:09:11.103, 507960941909, vstest.console.dll, MulticastDelegateUtilities.SafeInvoke: TestRun.LogMessages: Invoking callback 1/1 for Microsoft.VisualStudio.TestPlatform.CommandLine.TestRunResultAggregator., took 0 ms.
TpTrace Information: 0 : 604, 14, 2024/10/12, 08:09:11.103, 507960942260, vstest.console.dll, TestRunRequest:SendTestRunMessage: Completed.
TpTrace Verbose: 0 : 604, 14, 2024/10/12, 08:09:11.103, 507960942559, vstest.console.dll, MulticastDelegateUtilities.SafeInvoke: LengthPrefixCommunicationChannel: MessageReceived: Invoking callback 1/1 for Microsoft.VisualStudio.TestPlatform.CommunicationUtilities.TestRequestSender+<>c__DisplayClass34_0., took 0 ms.
TpTrace Verbose: 0 : 604, 14, 2024/10/12, 08:09:11.103, 507960942894, vstest.console.dll, TcpClientExtensions.MessageLoopAsync: Polling on remoteEndPoint: 127.0.0.1:52518 localEndPoint: 127.0.0.1:52517 after 379 ms
TpTrace Verbose: 0 : 604, 4, 2024/10/12, 08:09:11.103, 507960944998, vstest.console.dll, MulticastDelegateUtilities.SafeInvoke: InternalTestLoggerEvents.SendTestRunMessage: Invoking callback 1/1 for Microsoft.VisualStudio.TestPlatform.CommandLine.Internal.ConsoleLogger., took 0 ms.
TpTrace Verbose: 0 : 604, 14, 2024/10/12, 08:09:11.104, 507960949869, vstest.console.dll, TcpClientExtensions.MessageLoopAsync: NotifyDataAvailable remoteEndPoint: 127.0.0.1:52518 localEndPoint: 127.0.0.1:52517
TpTrace Verbose: 0 : 604, 14, 2024/10/12, 08:09:11.104, 507960951515, vstest.console.dll, TestRequestSender.OnExecutionMessageReceived: Received message: {"Version":7,"MessageType":"TestSession.Message","Payload":{"MessageLevel":0,"Message":"[xUnit.net 00:00:00.54]       Assert.Equal() Failure: Strings differ"}}
TpTrace Verbose: 0 : 604, 14, 2024/10/12, 08:09:11.104, 507960953116, vstest.console.dll, TestRunRequest:SendTestRunMessage: Starting.
TpTrace Verbose: 0 : 604, 14, 2024/10/12, 08:09:11.104, 507960954017, vstest.console.dll, MulticastDelegateUtilities.SafeInvoke: TestRun.LogMessages: Invoking callback 1/1 for Microsoft.VisualStudio.TestPlatform.CommandLine.TestRunResultAggregator., took 0 ms.
TpTrace Verbose: 0 : 604, 4, 2024/10/12, 08:09:11.104, 507960954911, vstest.console.dll, MulticastDelegateUtilities.SafeInvoke: InternalTestLoggerEvents.SendTestRunMessage: Invoking callback 1/1 for Microsoft.VisualStudio.TestPlatform.CommandLine.Internal.ConsoleLogger., took 0 ms.
TpTrace Information: 0 : 604, 14, 2024/10/12, 08:09:11.104, 507960955950, vstest.console.dll, TestRunRequest:SendTestRunMessage: Completed.
TpTrace Verbose: 0 : 604, 14, 2024/10/12, 08:09:11.105, 507960959049, vstest.console.dll, MulticastDelegateUtilities.SafeInvoke: LengthPrefixCommunicationChannel: MessageReceived: Invoking callback 1/1 for Microsoft.VisualStudio.TestPlatform.CommunicationUtilities.TestRequestSender+<>c__DisplayClass34_0., took 0 ms.
TpTrace Verbose: 0 : 604, 14, 2024/10/12, 08:09:11.105, 507960960470, vstest.console.dll, TcpClientExtensions.MessageLoopAsync: Polling on remoteEndPoint: 127.0.0.1:52518 localEndPoint: 127.0.0.1:52517 after 1 ms
TpTrace Verbose: 0 : 604, 14, 2024/10/12, 08:09:11.105, 507960961225, vstest.console.dll, TcpClientExtensions.MessageLoopAsync: NotifyDataAvailable remoteEndPoint: 127.0.0.1:52518 localEndPoint: 127.0.0.1:52517
TpTrace Verbose: 0 : 604, 14, 2024/10/12, 08:09:11.105, 507960962190, vstest.console.dll, TestRequestSender.OnExecutionMessageReceived: Received message: {"Version":7,"MessageType":"TestSession.Message","Payload":{"MessageLevel":0,"Message":"[xUnit.net 00:00:00.54]       Expected: \"11111111\""}}
TpTrace Verbose: 0 : 604, 14, 2024/10/12, 08:09:11.105, 507960963593, vstest.console.dll, TestRunRequest:SendTestRunMessage: Starting.
TpTrace Verbose: 0 : 604, 14, 2024/10/12, 08:09:11.105, 507960964280, vstest.console.dll, MulticastDelegateUtilities.SafeInvoke: TestRun.LogMessages: Invoking callback 1/1 for Microsoft.VisualStudio.TestPlatform.CommandLine.TestRunResultAggregator., took 0 ms.
TpTrace Information: 0 : 604, 14, 2024/10/12, 08:09:11.105, 507960964601, vstest.console.dll, TestRunRequest:SendTestRunMessage: Completed.
TpTrace Verbose: 0 : 604, 14, 2024/10/12, 08:09:11.105, 507960964923, vstest.console.dll, MulticastDelegateUtilities.SafeInvoke: LengthPrefixCommunicationChannel: MessageReceived: Invoking callback 1/1 for Microsoft.VisualStudio.TestPlatform.CommunicationUtilities.TestRequestSender+<>c__DisplayClass34_0., took 0 ms.
TpTrace Verbose: 0 : 604, 14, 2024/10/12, 08:09:11.105, 507960965287, vstest.console.dll, TcpClientExtensions.MessageLoopAsync: Polling on remoteEndPoint: 127.0.0.1:52518 localEndPoint: 127.0.0.1:52517 after 0 ms
TpTrace Verbose: 0 : 604, 4, 2024/10/12, 08:09:11.105, 507960964912, vstest.console.dll, MulticastDelegateUtilities.SafeInvoke: InternalTestLoggerEvents.SendTestRunMessage: Invoking callback 1/1 for Microsoft.VisualStudio.TestPlatform.CommandLine.Internal.ConsoleLogger., took 0 ms.
TpTrace Verbose: 0 : 604, 14, 2024/10/12, 08:09:11.105, 507960965784, vstest.console.dll, TcpClientExtensions.MessageLoopAsync: NotifyDataAvailable remoteEndPoint: 127.0.0.1:52518 localEndPoint: 127.0.0.1:52517
TpTrace Verbose: 0 : 604, 14, 2024/10/12, 08:09:11.105, 507960967390, vstest.console.dll, TestRequestSender.OnExecutionMessageReceived: Received message: {"Version":7,"MessageType":"TestSession.Message","Payload":{"MessageLevel":0,"Message":"[xUnit.net 00:00:00.54]       Actual:   \"1111111111111111111111111111111\""}}
TpTrace Verbose: 0 : 604, 14, 2024/10/12, 08:09:11.105, 507960968337, vstest.console.dll, TestRunRequest:SendTestRunMessage: Starting.
TpTrace Verbose: 0 : 604, 14, 2024/10/12, 08:09:11.106, 507960970258, vstest.console.dll, MulticastDelegateUtilities.SafeInvoke: TestRun.LogMessages: Invoking callback 1/1 for Microsoft.VisualStudio.TestPlatform.CommandLine.TestRunResultAggregator., took 0 ms.
TpTrace Verbose: 0 : 604, 4, 2024/10/12, 08:09:11.106, 507960970646, vstest.console.dll, MulticastDelegateUtilities.SafeInvoke: InternalTestLoggerEvents.SendTestRunMessage: Invoking callback 1/1 for Microsoft.VisualStudio.TestPlatform.CommandLine.Internal.ConsoleLogger., took 0 ms.
TpTrace Information: 0 : 604, 14, 2024/10/12, 08:09:11.106, 507960971794, vstest.console.dll, TestRunRequest:SendTestRunMessage: Completed.
TpTrace Verbose: 0 : 604, 14, 2024/10/12, 08:09:11.106, 507960972559, vstest.console.dll, MulticastDelegateUtilities.SafeInvoke: LengthPrefixCommunicationChannel: MessageReceived: Invoking callback 1/1 for Microsoft.VisualStudio.TestPlatform.CommunicationUtilities.TestRequestSender+<>c__DisplayClass34_0., took 0 ms.
TpTrace Verbose: 0 : 604, 14, 2024/10/12, 08:09:11.106, 507960973408, vstest.console.dll, TcpClientExtensions.MessageLoopAsync: Polling on remoteEndPoint: 127.0.0.1:52518 localEndPoint: 127.0.0.1:52517 after 0 ms
TpTrace Verbose: 0 : 604, 14, 2024/10/12, 08:09:11.106, 507960974357, vstest.console.dll, TcpClientExtensions.MessageLoopAsync: NotifyDataAvailable remoteEndPoint: 127.0.0.1:52518 localEndPoint: 127.0.0.1:52517
TpTrace Verbose: 0 : 604, 14, 2024/10/12, 08:09:11.106, 507960975248, vstest.console.dll, TestRequestSender.OnExecutionMessageReceived: Received message: {"Version":7,"MessageType":"TestSession.Message","Payload":{"MessageLevel":0,"Message":"[xUnit.net 00:00:00.54]                          ↑ (pos 8)"}}
TpTrace Verbose: 0 : 604, 14, 2024/10/12, 08:09:11.106, 507960976731, vstest.console.dll, TestRunRequest:SendTestRunMessage: Starting.
TpTrace Verbose: 0 : 604, 14, 2024/10/12, 08:09:11.106, 507960977383, vstest.console.dll, MulticastDelegateUtilities.SafeInvoke: TestRun.LogMessages: Invoking callback 1/1 for Microsoft.VisualStudio.TestPlatform.CommandLine.TestRunResultAggregator., took 0 ms.
TpTrace Information: 0 : 604, 14, 2024/10/12, 08:09:11.106, 507960977723, vstest.console.dll, TestRunRequest:SendTestRunMessage: Completed.
TpTrace Verbose: 0 : 604, 14, 2024/10/12, 08:09:11.106, 507960978000, vstest.console.dll, MulticastDelegateUtilities.SafeInvoke: LengthPrefixCommunicationChannel: MessageReceived: Invoking callback 1/1 for Microsoft.VisualStudio.TestPlatform.CommunicationUtilities.TestRequestSender+<>c__DisplayClass34_0., took 0 ms.
TpTrace Verbose: 0 : 604, 4, 2024/10/12, 08:09:11.106, 507960978132, vstest.console.dll, MulticastDelegateUtilities.SafeInvoke: InternalTestLoggerEvents.SendTestRunMessage: Invoking callback 1/1 for Microsoft.VisualStudio.TestPlatform.CommandLine.Internal.ConsoleLogger., took 0 ms.
TpTrace Verbose: 0 : 604, 14, 2024/10/12, 08:09:11.106, 507960978305, vstest.console.dll, TcpClientExtensions.MessageLoopAsync: Polling on remoteEndPoint: 127.0.0.1:52518 localEndPoint: 127.0.0.1:52517 after 0 ms
TpTrace Verbose: 0 : 604, 14, 2024/10/12, 08:09:11.107, 507960979807, vstest.console.dll, TcpClientExtensions.MessageLoopAsync: NotifyDataAvailable remoteEndPoint: 127.0.0.1:52518 localEndPoint: 127.0.0.1:52517
TpTrace Verbose: 0 : 604, 14, 2024/10/12, 08:09:11.107, 507960980707, vstest.console.dll, TestRequestSender.OnExecutionMessageReceived: Received message: {"Version":7,"MessageType":"TestSession.Message","Payload":{"MessageLevel":0,"Message":"[xUnit.net 00:00:00.54]       Stack Trace:"}}
TpTrace Verbose: 0 : 604, 14, 2024/10/12, 08:09:11.107, 507960981755, vstest.console.dll, TestRunRequest:SendTestRunMessage: Starting.
TpTrace Verbose: 0 : 604, 14, 2024/10/12, 08:09:11.107, 507960982365, vstest.console.dll, MulticastDelegateUtilities.SafeInvoke: TestRun.LogMessages: Invoking callback 1/1 for Microsoft.VisualStudio.TestPlatform.CommandLine.TestRunResultAggregator., took 0 ms.
TpTrace Information: 0 : 604, 14, 2024/10/12, 08:09:11.107, 507960982675, vstest.console.dll, TestRunRequest:SendTestRunMessage: Completed.
TpTrace Verbose: 0 : 604, 14, 2024/10/12, 08:09:11.107, 507960983087, vstest.console.dll, MulticastDelegateUtilities.SafeInvoke: LengthPrefixCommunicationChannel: MessageReceived: Invoking callback 1/1 for Microsoft.VisualStudio.TestPlatform.CommunicationUtilities.TestRequestSender+<>c__DisplayClass34_0., took 0 ms.
TpTrace Verbose: 0 : 604, 4, 2024/10/12, 08:09:11.107, 507960983160, vstest.console.dll, MulticastDelegateUtilities.SafeInvoke: InternalTestLoggerEvents.SendTestRunMessage: Invoking callback 1/1 for Microsoft.VisualStudio.TestPlatform.CommandLine.Internal.ConsoleLogger., took 0 ms.
TpTrace Verbose: 0 : 604, 14, 2024/10/12, 08:09:11.107, 507960985567, vstest.console.dll, TcpClientExtensions.MessageLoopAsync: Polling on remoteEndPoint: 127.0.0.1:52518 localEndPoint: 127.0.0.1:52517 after 0 ms
TpTrace Verbose: 0 : 604, 14, 2024/10/12, 08:09:11.107, 507960986848, vstest.console.dll, TcpClientExtensions.MessageLoopAsync: NotifyDataAvailable remoteEndPoint: 127.0.0.1:52518 localEndPoint: 127.0.0.1:52517
TpTrace Verbose: 0 : 604, 14, 2024/10/12, 08:09:11.107, 507960987731, vstest.console.dll, TestRequestSender.OnExecutionMessageReceived: Received message: {"Version":7,"MessageType":"TestSession.Message","Payload":{"MessageLevel":0,"Message":"[xUnit.net 00:00:00.54]         C:\\Users\\komet\\source\\repos\\Debug_Lab6\\Test_Project\\Class1.cs(23,0): at ConverterTests.ToBinary_ShouldReturnCorrectBinary_ForValidInputs(String input, String expected)"}}
TpTrace Verbose: 0 : 604, 14, 2024/10/12, 08:09:11.108, 507960988877, vstest.console.dll, TestRunRequest:SendTestRunMessage: Starting.
TpTrace Verbose: 0 : 604, 14, 2024/10/12, 08:09:11.108, 507960989769, vstest.console.dll, MulticastDelegateUtilities.SafeInvoke: TestRun.LogMessages: Invoking callback 1/1 for Microsoft.VisualStudio.TestPlatform.CommandLine.TestRunResultAggregator., took 0 ms.
TpTrace Information: 0 : 604, 14, 2024/10/12, 08:09:11.108, 507960990261, vstest.console.dll, TestRunRequest:SendTestRunMessage: Completed.
TpTrace Verbose: 0 : 604, 14, 2024/10/12, 08:09:11.108, 507960990722, vstest.console.dll, MulticastDelegateUtilities.SafeInvoke: LengthPrefixCommunicationChannel: MessageReceived: Invoking callback 1/1 for Microsoft.VisualStudio.TestPlatform.CommunicationUtilities.TestRequestSender+<>c__DisplayClass34_0., took 0 ms.
TpTrace Verbose: 0 : 604, 4, 2024/10/12, 08:09:11.108, 507960990704, vstest.console.dll, MulticastDelegateUtilities.SafeInvoke: InternalTestLoggerEvents.SendTestRunMessage: Invoking callback 1/1 for Microsoft.VisualStudio.TestPlatform.CommandLine.Internal.ConsoleLogger., took 0 ms.
TpTrace Verbose: 0 : 604, 14, 2024/10/12, 08:09:11.108, 507960991421, vstest.console.dll, TcpClientExtensions.MessageLoopAsync: Polling on remoteEndPoint: 127.0.0.1:52518 localEndPoint: 127.0.0.1:52517 after 0 ms
TpTrace Verbose: 0 : 604, 14, 2024/10/12, 08:09:11.108, 507960993387, vstest.console.dll, TcpClientExtensions.MessageLoopAsync: NotifyDataAvailable remoteEndPoint: 127.0.0.1:52518 localEndPoint: 127.0.0.1:52517
TpTrace Verbose: 0 : 604, 14, 2024/10/12, 08:09:11.108, 507960994232, vstest.console.dll, TestRequestSender.OnExecutionMessageReceived: Received message: {"Version":7,"MessageType":"TestSession.Message","Payload":{"MessageLevel":0,"Message":"[xUnit.net 00:00:00.54]            at InvokeStub_ConverterTests.ToBinary_ShouldReturnCorrectBinary_ForValidInputs(Object, Span`1)"}}
TpTrace Verbose: 0 : 604, 14, 2024/10/12, 08:09:11.108, 507960995840, vstest.console.dll, TestRunRequest:SendTestRunMessage: Starting.
TpTrace Verbose: 0 : 604, 14, 2024/10/12, 08:09:11.108, 507960996835, vstest.console.dll, MulticastDelegateUtilities.SafeInvoke: TestRun.LogMessages: Invoking callback 1/1 for Microsoft.VisualStudio.TestPlatform.CommandLine.TestRunResultAggregator., took 0 ms.
TpTrace Information: 0 : 604, 14, 2024/10/12, 08:09:11.108, 507960997386, vstest.console.dll, TestRunRequest:SendTestRunMessage: Completed.
TpTrace Verbose: 0 : 604, 4, 2024/10/12, 08:09:11.108, 507960997631, vstest.console.dll, MulticastDelegateUtilities.SafeInvoke: InternalTestLoggerEvents.SendTestRunMessage: Invoking callback 1/1 for Microsoft.VisualStudio.TestPlatform.CommandLine.Internal.ConsoleLogger., took 0 ms.
TpTrace Verbose: 0 : 604, 14, 2024/10/12, 08:09:11.108, 507960998099, vstest.console.dll, MulticastDelegateUtilities.SafeInvoke: LengthPrefixCommunicationChannel: MessageReceived: Invoking callback 1/1 for Microsoft.VisualStudio.TestPlatform.CommunicationUtilities.TestRequestSender+<>c__DisplayClass34_0., took 0 ms.
TpTrace Verbose: 0 : 604, 14, 2024/10/12, 08:09:11.109, 507961000088, vstest.console.dll, TcpClientExtensions.MessageLoopAsync: Polling on remoteEndPoint: 127.0.0.1:52518 localEndPoint: 127.0.0.1:52517 after 0 ms
TpTrace Verbose: 0 : 604, 14, 2024/10/12, 08:09:11.109, 507961000831, vstest.console.dll, TcpClientExtensions.MessageLoopAsync: NotifyDataAvailable remoteEndPoint: 127.0.0.1:52518 localEndPoint: 127.0.0.1:52517
TpTrace Verbose: 0 : 604, 14, 2024/10/12, 08:09:11.109, 507961002196, vstest.console.dll, TestRequestSender.OnExecutionMessageReceived: Received message: {"Version":7,"MessageType":"TestSession.Message","Payload":{"MessageLevel":0,"Message":"[xUnit.net 00:00:00.54]            at System.Reflection.MethodBaseInvoker.InvokeWithFewArgs(Object obj, BindingFlags invokeAttr, Binder binder, Object[] parameters, CultureInfo culture)"}}
TpTrace Verbose: 0 : 604, 14, 2024/10/12, 08:09:11.109, 507961003876, vstest.console.dll, TestRunRequest:SendTestRunMessage: Starting.
TpTrace Verbose: 0 : 604, 14, 2024/10/12, 08:09:11.109, 507961004989, vstest.console.dll, MulticastDelegateUtilities.SafeInvoke: TestRun.LogMessages: Invoking callback 1/1 for Microsoft.VisualStudio.TestPlatform.CommandLine.TestRunResultAggregator., took 0 ms.
TpTrace Information: 0 : 604, 14, 2024/10/12, 08:09:11.109, 507961005440, vstest.console.dll, TestRunRequest:SendTestRunMessage: Completed.
TpTrace Verbose: 0 : 604, 4, 2024/10/12, 08:09:11.109, 507961005367, vstest.console.dll, MulticastDelegateUtilities.SafeInvoke: InternalTestLoggerEvents.SendTestRunMessage: Invoking callback 1/1 for Microsoft.VisualStudio.TestPlatform.CommandLine.Internal.ConsoleLogger., took 0 ms.
TpTrace Verbose: 0 : 604, 14, 2024/10/12, 08:09:11.109, 507961006017, vstest.console.dll, MulticastDelegateUtilities.SafeInvoke: LengthPrefixCommunicationChannel: MessageReceived: Invoking callback 1/1 for Microsoft.VisualStudio.TestPlatform.CommunicationUtilities.TestRequestSender+<>c__DisplayClass34_0., took 0 ms.
TpTrace Verbose: 0 : 604, 14, 2024/10/12, 08:09:11.109, 507961008168, vstest.console.dll, TcpClientExtensions.MessageLoopAsync: Polling on remoteEndPoint: 127.0.0.1:52518 localEndPoint: 127.0.0.1:52517 after 0 ms
TpTrace Verbose: 0 : 604, 14, 2024/10/12, 08:09:11.115, 507961060612, vstest.console.dll, TcpClientExtensions.MessageLoopAsync: NotifyDataAvailable remoteEndPoint: 127.0.0.1:52518 localEndPoint: 127.0.0.1:52517
TpTrace Verbose: 0 : 604, 14, 2024/10/12, 08:09:11.115, 507961062893, vstest.console.dll, TestRequestSender.OnExecutionMessageReceived: Received message: {"Version":7,"MessageType":"TestSession.Message","Payload":{"MessageLevel":2,"Message":"[xUnit.net 00:00:00.55]     ConverterTests.ToBinary_ShouldReturnCorrectBinary_ForValidInputs(input: \"-2147483647\", expected: \"-11111111 or 11111111111111111111111100000001\") [FAIL]"}}
TpTrace Verbose: 0 : 604, 14, 2024/10/12, 08:09:11.115, 507961064787, vstest.console.dll, TestRunRequest:SendTestRunMessage: Starting.
TpTrace Verbose: 0 : 604, 14, 2024/10/12, 08:09:11.115, 507961065801, vstest.console.dll, MulticastDelegateUtilities.SafeInvoke: TestRun.LogMessages: Invoking callback 1/1 for Microsoft.VisualStudio.TestPlatform.CommandLine.TestRunResultAggregator., took 0 ms.
TpTrace Information: 0 : 604, 14, 2024/10/12, 08:09:11.115, 507961066280, vstest.console.dll, TestRunRequest:SendTestRunMessage: Completed.
TpTrace Verbose: 0 : 604, 14, 2024/10/12, 08:09:11.115, 507961066960, vstest.console.dll, MulticastDelegateUtilities.SafeInvoke: LengthPrefixCommunicationChannel: MessageReceived: Invoking callback 1/1 for Microsoft.VisualStudio.TestPlatform.CommunicationUtilities.TestRequestSender+<>c__DisplayClass34_0., took 0 ms.
TpTrace Verbose: 0 : 604, 14, 2024/10/12, 08:09:11.115, 507961067407, vstest.console.dll, TcpClientExtensions.MessageLoopAsync: Polling on remoteEndPoint: 127.0.0.1:52518 localEndPoint: 127.0.0.1:52517 after 5 ms
TpTrace Verbose: 0 : 604, 4, 2024/10/12, 08:09:11.115, 507961067596, vstest.console.dll, MulticastDelegateUtilities.SafeInvoke: InternalTestLoggerEvents.SendTestRunMessage: Invoking callback 1/1 for Microsoft.VisualStudio.TestPlatform.CommandLine.Internal.ConsoleLogger., took 0 ms.
TpTrace Verbose: 0 : 604, 14, 2024/10/12, 08:09:11.116, 507961072892, vstest.console.dll, TcpClientExtensions.MessageLoopAsync: NotifyDataAvailable remoteEndPoint: 127.0.0.1:52518 localEndPoint: 127.0.0.1:52517
TpTrace Verbose: 0 : 604, 14, 2024/10/12, 08:09:11.116, 507961074248, vstest.console.dll, TestRequestSender.OnExecutionMessageReceived: Received message: {"Version":7,"MessageType":"TestSession.Message","Payload":{"MessageLevel":0,"Message":"[xUnit.net 00:00:00.55]       Assert.Equal() Failure: Strings differ"}}
TpTrace Verbose: 0 : 604, 14, 2024/10/12, 08:09:11.116, 507961075615, vstest.console.dll, TestRunRequest:SendTestRunMessage: Starting.
TpTrace Verbose: 0 : 604, 14, 2024/10/12, 08:09:11.116, 507961076446, vstest.console.dll, MulticastDelegateUtilities.SafeInvoke: TestRun.LogMessages: Invoking callback 1/1 for Microsoft.VisualStudio.TestPlatform.CommandLine.TestRunResultAggregator., took 0 ms.
TpTrace Information: 0 : 604, 14, 2024/10/12, 08:09:11.116, 507961077064, vstest.console.dll, TestRunRequest:SendTestRunMessage: Completed.
TpTrace Verbose: 0 : 604, 4, 2024/10/12, 08:09:11.116, 507961077260, vstest.console.dll, MulticastDelegateUtilities.SafeInvoke: InternalTestLoggerEvents.SendTestRunMessage: Invoking callback 1/1 for Microsoft.VisualStudio.TestPlatform.CommandLine.Internal.ConsoleLogger., took 0 ms.
TpTrace Verbose: 0 : 604, 14, 2024/10/12, 08:09:11.116, 507961077501, vstest.console.dll, MulticastDelegateUtilities.SafeInvoke: LengthPrefixCommunicationChannel: MessageReceived: Invoking callback 1/1 for Microsoft.VisualStudio.TestPlatform.CommunicationUtilities.TestRequestSender+<>c__DisplayClass34_0., took 0 ms.
TpTrace Verbose: 0 : 604, 14, 2024/10/12, 08:09:11.117, 507961079777, vstest.console.dll, TcpClientExtensions.MessageLoopAsync: Polling on remoteEndPoint: 127.0.0.1:52518 localEndPoint: 127.0.0.1:52517 after 0 ms
TpTrace Verbose: 0 : 604, 14, 2024/10/12, 08:09:11.117, 507961080437, vstest.console.dll, TcpClientExtensions.MessageLoopAsync: NotifyDataAvailable remoteEndPoint: 127.0.0.1:52518 localEndPoint: 127.0.0.1:52517
TpTrace Verbose: 0 : 604, 14, 2024/10/12, 08:09:11.117, 507961081447, vstest.console.dll, TestRequestSender.OnExecutionMessageReceived: Received message: {"Version":7,"MessageType":"TestSession.Message","Payload":{"MessageLevel":0,"Message":"[xUnit.net 00:00:00.55]                           ↓ (pos 9)"}}
TpTrace Verbose: 0 : 604, 14, 2024/10/12, 08:09:11.117, 507961082672, vstest.console.dll, TestRunRequest:SendTestRunMessage: Starting.
TpTrace Verbose: 0 : 604, 14, 2024/10/12, 08:09:11.117, 507961083348, vstest.console.dll, MulticastDelegateUtilities.SafeInvoke: TestRun.LogMessages: Invoking callback 1/1 for Microsoft.VisualStudio.TestPlatform.CommandLine.TestRunResultAggregator., took 0 ms.
TpTrace Verbose: 0 : 604, 4, 2024/10/12, 08:09:11.117, 507961083608, vstest.console.dll, MulticastDelegateUtilities.SafeInvoke: InternalTestLoggerEvents.SendTestRunMessage: Invoking callback 1/1 for Microsoft.VisualStudio.TestPlatform.CommandLine.Internal.ConsoleLogger., took 0 ms.
TpTrace Information: 0 : 604, 14, 2024/10/12, 08:09:11.117, 507961083966, vstest.console.dll, TestRunRequest:SendTestRunMessage: Completed.
TpTrace Verbose: 0 : 604, 14, 2024/10/12, 08:09:11.117, 507961085216, vstest.console.dll, MulticastDelegateUtilities.SafeInvoke: LengthPrefixCommunicationChannel: MessageReceived: Invoking callback 1/1 for Microsoft.VisualStudio.TestPlatform.CommunicationUtilities.TestRequestSender+<>c__DisplayClass34_0., took 0 ms.
TpTrace Verbose: 0 : 604, 14, 2024/10/12, 08:09:11.117, 507961085686, vstest.console.dll, TcpClientExtensions.MessageLoopAsync: Polling on remoteEndPoint: 127.0.0.1:52518 localEndPoint: 127.0.0.1:52517 after 0 ms
TpTrace Verbose: 0 : 604, 14, 2024/10/12, 08:09:11.118, 507961089972, vstest.console.dll, TcpClientExtensions.MessageLoopAsync: NotifyDataAvailable remoteEndPoint: 127.0.0.1:52518 localEndPoint: 127.0.0.1:52517
TpTrace Verbose: 0 : 604, 14, 2024/10/12, 08:09:11.118, 507961090987, vstest.console.dll, TestRequestSender.OnExecutionMessageReceived: Received message: {"Version":7,"MessageType":"TestSession.Message","Payload":{"MessageLevel":0,"Message":"[xUnit.net 00:00:00.55]       Expected: \"-11111111 or 1111111111111111111111110000\"···"}}
TpTrace Verbose: 0 : 604, 14, 2024/10/12, 08:09:11.118, 507961092363, vstest.console.dll, TestRunRequest:SendTestRunMessage: Starting.
TpTrace Verbose: 0 : 604, 14, 2024/10/12, 08:09:11.118, 507961093089, vstest.console.dll, MulticastDelegateUtilities.SafeInvoke: TestRun.LogMessages: Invoking callback 1/1 for Microsoft.VisualStudio.TestPlatform.CommandLine.TestRunResultAggregator., took 0 ms.
TpTrace Information: 0 : 604, 14, 2024/10/12, 08:09:11.118, 507961093412, vstest.console.dll, TestRunRequest:SendTestRunMessage: Completed.
TpTrace Verbose: 0 : 604, 14, 2024/10/12, 08:09:11.118, 507961093708, vstest.console.dll, MulticastDelegateUtilities.SafeInvoke: LengthPrefixCommunicationChannel: MessageReceived: Invoking callback 1/1 for Microsoft.VisualStudio.TestPlatform.CommunicationUtilities.TestRequestSender+<>c__DisplayClass34_0., took 0 ms.
TpTrace Verbose: 0 : 604, 4, 2024/10/12, 08:09:11.118, 507961093782, vstest.console.dll, MulticastDelegateUtilities.SafeInvoke: InternalTestLoggerEvents.SendTestRunMessage: Invoking callback 1/1 for Microsoft.VisualStudio.TestPlatform.CommandLine.Internal.ConsoleLogger., took 0 ms.
TpTrace Verbose: 0 : 604, 14, 2024/10/12, 08:09:11.118, 507961094135, vstest.console.dll, TcpClientExtensions.MessageLoopAsync: Polling on remoteEndPoint: 127.0.0.1:52518 localEndPoint: 127.0.0.1:52517 after 0 ms
TpTrace Verbose: 0 : 604, 14, 2024/10/12, 08:09:11.118, 507961095897, vstest.console.dll, TcpClientExtensions.MessageLoopAsync: NotifyDataAvailable remoteEndPoint: 127.0.0.1:52518 localEndPoint: 127.0.0.1:52517
TpTrace Verbose: 0 : 604, 14, 2024/10/12, 08:09:11.118, 507961096931, vstest.console.dll, TestRequestSender.OnExecutionMessageReceived: Received message: {"Version":7,"MessageType":"TestSession.Message","Payload":{"MessageLevel":0,"Message":"[xUnit.net 00:00:00.55]       Actual:   \"-1111111111111111111111111111111 or 10000\"···"}}
TpTrace Verbose: 0 : 604, 14, 2024/10/12, 08:09:11.119, 507961099026, vstest.console.dll, TestRunRequest:SendTestRunMessage: Starting.
TpTrace Verbose: 0 : 604, 14, 2024/10/12, 08:09:11.119, 507961099644, vstest.console.dll, MulticastDelegateUtilities.SafeInvoke: TestRun.LogMessages: Invoking callback 1/1 for Microsoft.VisualStudio.TestPlatform.CommandLine.TestRunResultAggregator., took 0 ms.
TpTrace Information: 0 : 604, 14, 2024/10/12, 08:09:11.119, 507961099954, vstest.console.dll, TestRunRequest:SendTestRunMessage: Completed.
TpTrace Verbose: 0 : 604, 14, 2024/10/12, 08:09:11.119, 507961100237, vstest.console.dll, MulticastDelegateUtilities.SafeInvoke: LengthPrefixCommunicationChannel: MessageReceived: Invoking callback 1/1 for Microsoft.VisualStudio.TestPlatform.CommunicationUtilities.TestRequestSender+<>c__DisplayClass34_0., took 0 ms.
TpTrace Verbose: 0 : 604, 4, 2024/10/12, 08:09:11.119, 507961100366, vstest.console.dll, MulticastDelegateUtilities.SafeInvoke: InternalTestLoggerEvents.SendTestRunMessage: Invoking callback 1/1 for Microsoft.VisualStudio.TestPlatform.CommandLine.Internal.ConsoleLogger., took 0 ms.
TpTrace Verbose: 0 : 604, 14, 2024/10/12, 08:09:11.119, 507961100551, vstest.console.dll, TcpClientExtensions.MessageLoopAsync: Polling on remoteEndPoint: 127.0.0.1:52518 localEndPoint: 127.0.0.1:52517 after 0 ms
TpTrace Verbose: 0 : 604, 14, 2024/10/12, 08:09:11.119, 507961101988, vstest.console.dll, TcpClientExtensions.MessageLoopAsync: NotifyDataAvailable remoteEndPoint: 127.0.0.1:52518 localEndPoint: 127.0.0.1:52517
TpTrace Verbose: 0 : 604, 14, 2024/10/12, 08:09:11.119, 507961102473, vstest.console.dll, TestRequestSender.OnExecutionMessageReceived: Received message: {"Version":7,"MessageType":"TestSession.Message","Payload":{"MessageLevel":0,"Message":"[xUnit.net 00:00:00.55]                           ↑ (pos 9)"}}
TpTrace Verbose: 0 : 604, 14, 2024/10/12, 08:09:11.119, 507961103229, vstest.console.dll, TestRunRequest:SendTestRunMessage: Starting.
TpTrace Verbose: 0 : 604, 14, 2024/10/12, 08:09:11.119, 507961103774, vstest.console.dll, MulticastDelegateUtilities.SafeInvoke: TestRun.LogMessages: Invoking callback 1/1 for Microsoft.VisualStudio.TestPlatform.CommandLine.TestRunResultAggregator., took 0 ms.
TpTrace Information: 0 : 604, 14, 2024/10/12, 08:09:11.119, 507961104079, vstest.console.dll, TestRunRequest:SendTestRunMessage: Completed.
TpTrace Verbose: 0 : 604, 14, 2024/10/12, 08:09:11.119, 507961104352, vstest.console.dll, MulticastDelegateUtilities.SafeInvoke: LengthPrefixCommunicationChannel: MessageReceived: Invoking callback 1/1 for Microsoft.VisualStudio.TestPlatform.CommunicationUtilities.TestRequestSender+<>c__DisplayClass34_0., took 0 ms.
TpTrace Verbose: 0 : 604, 4, 2024/10/12, 08:09:11.119, 507961104451, vstest.console.dll, MulticastDelegateUtilities.SafeInvoke: InternalTestLoggerEvents.SendTestRunMessage: Invoking callback 1/1 for Microsoft.VisualStudio.TestPlatform.CommandLine.Internal.ConsoleLogger., took 0 ms.
TpTrace Verbose: 0 : 604, 14, 2024/10/12, 08:09:11.119, 507961104682, vstest.console.dll, TcpClientExtensions.MessageLoopAsync: Polling on remoteEndPoint: 127.0.0.1:52518 localEndPoint: 127.0.0.1:52517 after 0 ms
TpTrace Verbose: 0 : 604, 14, 2024/10/12, 08:09:11.119, 507961106359, vstest.console.dll, TcpClientExtensions.MessageLoopAsync: NotifyDataAvailable remoteEndPoint: 127.0.0.1:52518 localEndPoint: 127.0.0.1:52517
TpTrace Verbose: 0 : 604, 14, 2024/10/12, 08:09:11.119, 507961106864, vstest.console.dll, TestRequestSender.OnExecutionMessageReceived: Received message: {"Version":7,"MessageType":"TestSession.Message","Payload":{"MessageLevel":0,"Message":"[xUnit.net 00:00:00.55]       Stack Trace:"}}
TpTrace Verbose: 0 : 604, 14, 2024/10/12, 08:09:11.119, 507961107773, vstest.console.dll, TestRunRequest:SendTestRunMessage: Starting.
TpTrace Verbose: 0 : 604, 14, 2024/10/12, 08:09:11.119, 507961108356, vstest.console.dll, MulticastDelegateUtilities.SafeInvoke: TestRun.LogMessages: Invoking callback 1/1 for Microsoft.VisualStudio.TestPlatform.CommandLine.TestRunResultAggregator., took 0 ms.
TpTrace Information: 0 : 604, 14, 2024/10/12, 08:09:11.120, 507961108657, vstest.console.dll, TestRunRequest:SendTestRunMessage: Completed.
TpTrace Verbose: 0 : 604, 14, 2024/10/12, 08:09:11.120, 507961108926, vstest.console.dll, MulticastDelegateUtilities.SafeInvoke: LengthPrefixCommunicationChannel: MessageReceived: Invoking callback 1/1 for Microsoft.VisualStudio.TestPlatform.CommunicationUtilities.TestRequestSender+<>c__DisplayClass34_0., took 0 ms.
TpTrace Verbose: 0 : 604, 14, 2024/10/12, 08:09:11.120, 507961109215, vstest.console.dll, TcpClientExtensions.MessageLoopAsync: Polling on remoteEndPoint: 127.0.0.1:52518 localEndPoint: 127.0.0.1:52517 after 0 ms
TpTrace Verbose: 0 : 604, 4, 2024/10/12, 08:09:11.120, 507961109175, vstest.console.dll, MulticastDelegateUtilities.SafeInvoke: InternalTestLoggerEvents.SendTestRunMessage: Invoking callback 1/1 for Microsoft.VisualStudio.TestPlatform.CommandLine.Internal.ConsoleLogger., took 0 ms.
TpTrace Verbose: 0 : 604, 14, 2024/10/12, 08:09:11.120, 507961110644, vstest.console.dll, TcpClientExtensions.MessageLoopAsync: NotifyDataAvailable remoteEndPoint: 127.0.0.1:52518 localEndPoint: 127.0.0.1:52517
TpTrace Verbose: 0 : 604, 14, 2024/10/12, 08:09:11.120, 507961111307, vstest.console.dll, TestRequestSender.OnExecutionMessageReceived: Received message: {"Version":7,"MessageType":"TestSession.Message","Payload":{"MessageLevel":0,"Message":"[xUnit.net 00:00:00.55]         C:\\Users\\komet\\source\\repos\\Debug_Lab6\\Test_Project\\Class1.cs(23,0): at ConverterTests.ToBinary_ShouldReturnCorrectBinary_ForValidInputs(String input, String expected)"}}
TpTrace Verbose: 0 : 604, 14, 2024/10/12, 08:09:11.120, 507961112048, vstest.console.dll, TestRunRequest:SendTestRunMessage: Starting.
TpTrace Verbose: 0 : 604, 14, 2024/10/12, 08:09:11.120, 507961112570, vstest.console.dll, MulticastDelegateUtilities.SafeInvoke: TestRun.LogMessages: Invoking callback 1/1 for Microsoft.VisualStudio.TestPlatform.CommandLine.TestRunResultAggregator., took 0 ms.
TpTrace Information: 0 : 604, 14, 2024/10/12, 08:09:11.120, 507961112923, vstest.console.dll, TestRunRequest:SendTestRunMessage: Completed.
TpTrace Verbose: 0 : 604, 14, 2024/10/12, 08:09:11.120, 507961113208, vstest.console.dll, MulticastDelegateUtilities.SafeInvoke: LengthPrefixCommunicationChannel: MessageReceived: Invoking callback 1/1 for Microsoft.VisualStudio.TestPlatform.CommunicationUtilities.TestRequestSender+<>c__DisplayClass34_0., took 0 ms.
TpTrace Verbose: 0 : 604, 4, 2024/10/12, 08:09:11.120, 507961113180, vstest.console.dll, MulticastDelegateUtilities.SafeInvoke: InternalTestLoggerEvents.SendTestRunMessage: Invoking callback 1/1 for Microsoft.VisualStudio.TestPlatform.CommandLine.Internal.ConsoleLogger., took 0 ms.
TpTrace Verbose: 0 : 604, 14, 2024/10/12, 08:09:11.120, 507961113662, vstest.console.dll, TcpClientExtensions.MessageLoopAsync: Polling on remoteEndPoint: 127.0.0.1:52518 localEndPoint: 127.0.0.1:52517 after 0 ms
TpTrace Verbose: 0 : 604, 14, 2024/10/12, 08:09:11.120, 507961115027, vstest.console.dll, TcpClientExtensions.MessageLoopAsync: NotifyDataAvailable remoteEndPoint: 127.0.0.1:52518 localEndPoint: 127.0.0.1:52517
TpTrace Verbose: 0 : 604, 14, 2024/10/12, 08:09:11.120, 507961115505, vstest.console.dll, TestRequestSender.OnExecutionMessageReceived: Received message: {"Version":7,"MessageType":"TestSession.Message","Payload":{"MessageLevel":0,"Message":"[xUnit.net 00:00:00.55]            at InvokeStub_ConverterTests.ToBinary_ShouldReturnCorrectBinary_ForValidInputs(Object, Span`1)"}}
TpTrace Verbose: 0 : 604, 14, 2024/10/12, 08:09:11.120, 507961116208, vstest.console.dll, TestRunRequest:SendTestRunMessage: Starting.
TpTrace Verbose: 0 : 604, 14, 2024/10/12, 08:09:11.120, 507961116703, vstest.console.dll, MulticastDelegateUtilities.SafeInvoke: TestRun.LogMessages: Invoking callback 1/1 for Microsoft.VisualStudio.TestPlatform.CommandLine.TestRunResultAggregator., took 0 ms.
TpTrace Information: 0 : 604, 14, 2024/10/12, 08:09:11.120, 507961117001, vstest.console.dll, TestRunRequest:SendTestRunMessage: Completed.
TpTrace Verbose: 0 : 604, 14, 2024/10/12, 08:09:11.120, 507961117269, vstest.console.dll, MulticastDelegateUtilities.SafeInvoke: LengthPrefixCommunicationChannel: MessageReceived: Invoking callback 1/1 for Microsoft.VisualStudio.TestPlatform.CommunicationUtilities.TestRequestSender+<>c__DisplayClass34_0., took 0 ms.
TpTrace Verbose: 0 : 604, 4, 2024/10/12, 08:09:11.120, 507961117474, vstest.console.dll, MulticastDelegateUtilities.SafeInvoke: InternalTestLoggerEvents.SendTestRunMessage: Invoking callback 1/1 for Microsoft.VisualStudio.TestPlatform.CommandLine.Internal.ConsoleLogger., took 0 ms.
TpTrace Verbose: 0 : 604, 14, 2024/10/12, 08:09:11.120, 507961117635, vstest.console.dll, TcpClientExtensions.MessageLoopAsync: Polling on remoteEndPoint: 127.0.0.1:52518 localEndPoint: 127.0.0.1:52517 after 0 ms
TpTrace Verbose: 0 : 604, 14, 2024/10/12, 08:09:11.121, 507961119197, vstest.console.dll, TcpClientExtensions.MessageLoopAsync: NotifyDataAvailable remoteEndPoint: 127.0.0.1:52518 localEndPoint: 127.0.0.1:52517
TpTrace Verbose: 0 : 604, 14, 2024/10/12, 08:09:11.121, 507961119689, vstest.console.dll, TestRequestSender.OnExecutionMessageReceived: Received message: {"Version":7,"MessageType":"TestSession.Message","Payload":{"MessageLevel":0,"Message":"[xUnit.net 00:00:00.55]            at System.Reflection.MethodBaseInvoker.InvokeWithFewArgs(Object obj, BindingFlags invokeAttr, Binder binder, Object[] parameters, CultureInfo culture)"}}
TpTrace Verbose: 0 : 604, 14, 2024/10/12, 08:09:11.121, 507961120492, vstest.console.dll, TestRunRequest:SendTestRunMessage: Starting.
TpTrace Verbose: 0 : 604, 14, 2024/10/12, 08:09:11.121, 507961121023, vstest.console.dll, MulticastDelegateUtilities.SafeInvoke: TestRun.LogMessages: Invoking callback 1/1 for Microsoft.VisualStudio.TestPlatform.CommandLine.TestRunResultAggregator., took 0 ms.
TpTrace Information: 0 : 604, 14, 2024/10/12, 08:09:11.121, 507961121637, vstest.console.dll, TestRunRequest:SendTestRunMessage: Completed.
TpTrace Verbose: 0 : 604, 4, 2024/10/12, 08:09:11.121, 507961121758, vstest.console.dll, MulticastDelegateUtilities.SafeInvoke: InternalTestLoggerEvents.SendTestRunMessage: Invoking callback 1/1 for Microsoft.VisualStudio.TestPlatform.CommandLine.Internal.ConsoleLogger., took 0 ms.
TpTrace Verbose: 0 : 604, 14, 2024/10/12, 08:09:11.121, 507961122086, vstest.console.dll, MulticastDelegateUtilities.SafeInvoke: LengthPrefixCommunicationChannel: MessageReceived: Invoking callback 1/1 for Microsoft.VisualStudio.TestPlatform.CommunicationUtilities.TestRequestSender+<>c__DisplayClass34_0., took 0 ms.
TpTrace Verbose: 0 : 604, 14, 2024/10/12, 08:09:11.121, 507961123720, vstest.console.dll, TcpClientExtensions.MessageLoopAsync: Polling on remoteEndPoint: 127.0.0.1:52518 localEndPoint: 127.0.0.1:52517 after 0 ms
TpTrace Verbose: 0 : 604, 14, 2024/10/12, 08:09:11.133, 507961246357, vstest.console.dll, TcpClientExtensions.MessageLoopAsync: NotifyDataAvailable remoteEndPoint: 127.0.0.1:52518 localEndPoint: 127.0.0.1:52517
TpTrace Verbose: 0 : 604, 14, 2024/10/12, 08:09:11.134, 507961248722, vstest.console.dll, TestRequestSender.OnExecutionMessageReceived: Received message: {"Version":7,"MessageType":"TestSession.Message","Payload":{"MessageLevel":0,"Message":"[xUnit.net 00:00:00.57]   Finished:    Test_Project"}}
TpTrace Verbose: 0 : 604, 14, 2024/10/12, 08:09:11.134, 507961250916, vstest.console.dll, TestRunRequest:SendTestRunMessage: Starting.
TpTrace Verbose: 0 : 604, 14, 2024/10/12, 08:09:11.134, 507961251921, vstest.console.dll, MulticastDelegateUtilities.SafeInvoke: TestRun.LogMessages: Invoking callback 1/1 for Microsoft.VisualStudio.TestPlatform.CommandLine.TestRunResultAggregator., took 0 ms.
TpTrace Information: 0 : 604, 14, 2024/10/12, 08:09:11.134, 507961252604, vstest.console.dll, TestRunRequest:SendTestRunMessage: Completed.
TpTrace Verbose: 0 : 604, 4, 2024/10/12, 08:09:11.134, 507961252722, vstest.console.dll, MulticastDelegateUtilities.SafeInvoke: InternalTestLoggerEvents.SendTestRunMessage: Invoking callback 1/1 for Microsoft.VisualStudio.TestPlatform.CommandLine.Internal.ConsoleLogger., took 0 ms.
TpTrace Verbose: 0 : 604, 14, 2024/10/12, 08:09:11.134, 507961254714, vstest.console.dll, MulticastDelegateUtilities.SafeInvoke: LengthPrefixCommunicationChannel: MessageReceived: Invoking callback 1/1 for Microsoft.VisualStudio.TestPlatform.CommunicationUtilities.TestRequestSender+<>c__DisplayClass34_0., took 0 ms.
TpTrace Verbose: 0 : 604, 14, 2024/10/12, 08:09:11.134, 507961255636, vstest.console.dll, TcpClientExtensions.MessageLoopAsync: Polling on remoteEndPoint: 127.0.0.1:52518 localEndPoint: 127.0.0.1:52517 after 13 ms
TpTrace Verbose: 0 : 604, 14, 2024/10/12, 08:09:11.202, 507961937759, vstest.console.dll, TcpClientExtensions.MessageLoopAsync: NotifyDataAvailable remoteEndPoint: 127.0.0.1:52518 localEndPoint: 127.0.0.1:52517
TpTrace Verbose: 0 : 604, 14, 2024/10/12, 08:09:11.203, 507961941708, vstest.console.dll, TestRequestSender.OnExecutionMessageReceived: Received message: {"Version":7,"MessageType":"TestExecution.Completed","Payload":{"TestRunCompleteArgs":{"TestRunStatistics":{"ExecutedTests":8,"Stats":{"Passed":6,"Failed":2}},"IsCanceled":false,"IsAborted":false,"Error":null,"AttachmentSets":[],"InvokedDataCollectors":[],"ElapsedTimeInRunningTests":"00:00:00.5877284","Metrics":{},"DiscoveredExtensions":{"TestDiscoverers":["Xunit.Runner.VisualStudio.VsTestRunner, xunit.runner.visualstudio.testadapter, Version=2.8.2.0, Culture=neutral, PublicKeyToken=null"],"TestExecutors":["executor://xunit/VsTestRunner2/netcoreapp"],"TestExecutors2":[],"TestSettingsProviders":[]}},"LastRunTests":{"NewTestResults":[{"TestCase":{"Id":"56063616-129a-90aa-f5c8-d6bddc6df133","FullyQualifiedName":"ConverterTests.ToBinary_ShouldReturnCorrectBinary_ForValidInputs","DisplayName":"ConverterTests.ToBinary_ShouldReturnCorrectBinary_ForValidInputs(input: \"1\", expected: \"1\")","ExecutorUri":"executor://xunit/VsTestRunner2/netcoreapp","Source":"C:\\Users\\komet\\source\\repos\\Debug_Lab6\\Test_Project\\bin\\Debug\\net8.0\\fine-code-coverage\\build-output\\Test_Project.dll","CodeFilePath":null,"LineNumber":0,"Properties":[]},"Attachments":[],"Outcome":1,"ErrorMessage":null,"ErrorStackTrace":null,"DisplayName":"ConverterTests.ToBinary_ShouldReturnCorrectBinary_ForValidInputs(input: \"1\", expected: \"1\")","Messages":[],"ComputerName":"MSI","Duration":"00:00:00.2477361","StartTime":"2024-10-12T05:09:11.0421178+00:00","EndTime":"2024-10-12T05:09:11.0421552+00:00","Properties":[]},{"TestCase":{"Id":"3ab1e23c-498c-1f3b-6dfc-b2a7c83347f0","FullyQualifiedName":"ConverterTests.ToBinary_ShouldReturnCorrectBinary_ForValidInputs","DisplayName":"ConverterTests.ToBinary_ShouldReturnCorrectBinary_ForValidInputs(input: \"10\", expected: \"1010\")","ExecutorUri":"executor://xunit/VsTestRunner2/netcoreapp","Source":"C:\\Users\\komet\\source\\repos\\Debug_Lab6\\Test_Project\\bin\\Debug\\net8.0\\fine-code-coverage\\build-output\\Test_Project.dll","CodeFilePath":null,"LineNumber":0,"Properties":[]},"Attachments":[],"Outcome":1,"ErrorMessage":null,"ErrorStackTrace":null,"DisplayName":"ConverterTests.ToBinary_ShouldReturnCorrectBinary_ForValidInputs(input: \"10\", expected: \"1010\")","Messages":[],"ComputerName":"MSI","Duration":"00:00:00.0002780","StartTime":"2024-10-12T05:09:11.0823575+00:00","EndTime":"2024-10-12T05:09:11.0823576+00:00","Properties":[]},{"TestCase":{"Id":"c6123dcc-44fb-502d-aa3b-bda3fe3dcfa3","FullyQualifiedName":"ConverterTests.ToBinary_ShouldReturnCorrectBinary_ForValidInputs","DisplayName":"ConverterTests.ToBinary_ShouldReturnCorrectBinary_ForValidInputs(input: \"0\", expected: \"0\")","ExecutorUri":"executor://xunit/VsTestRunner2/netcoreapp","Source":"C:\\Users\\komet\\source\\repos\\Debug_Lab6\\Test_Project\\bin\\Debug\\net8.0\\fine-code-coverage\\build-output\\Test_Project.dll","CodeFilePath":null,"LineNumber":0,"Properties":[]},"Attachments":[],"Outcome":1,"ErrorMessage":null,"ErrorStackTrace":null,"DisplayName":"ConverterTests.ToBinary_ShouldReturnCorrectBinary_ForValidInputs(input: \"0\", expected: \"0\")","Messages":[],"ComputerName":"MSI","Duration":"00:00:00.0000116","StartTime":"2024-10-12T05:09:11.0889924+00:00","EndTime":"2024-10-12T05:09:11.0889925+00:00","Properties":[]},{"TestCase":{"Id":"5e06f51e-5180-91e4-beb7-118e01f549a0","FullyQualifiedName":"ConverterTests.ToBinary_ShouldReturnCorrectBinary_ForValidInputs","DisplayName":"ConverterTests.ToBinary_ShouldReturnCorrectBinary_ForValidInputs(input: \"-1\", expected: \"-1 or 11111111111111111111111111111111\")","ExecutorUri":"executor://xunit/VsTestRunner2/netcoreapp","Source":"C:\\Users\\komet\\source\\repos\\Debug_Lab6\\Test_Project\\bin\\Debug\\net8.0\\fine-code-coverage\\build-output\\Test_Project.dll","CodeFilePath":null,"LineNumber":0,"Properties":[]},"Attachments":[],"Outcome":1,"ErrorMessage":null,"ErrorStackTrace":null,"DisplayName":"ConverterTests.ToBinary_ShouldReturnCorrectBinary_ForValidInputs(input: \"-1\", expected: \"-1 or 11111111111111111111111111111111\")","Messages":[],"ComputerName":"MSI","Duration":"00:00:00.0000082","StartTime":"2024-10-12T05:09:11.0936197+00:00","EndTime":"2024-10-12T05:09:11.0936198+00:00","Properties":[]},{"TestCase":{"Id":"fde7aa87-15c3-6f0c-4bc4-264c4e4498e8","FullyQualifiedName":"ConverterTests.ToBinary_ShouldReturnCorrectBinary_ForValidInputs","DisplayName":"ConverterTests.ToBinary_ShouldReturnCorrectBinary_ForValidInputs(input: \"2147483647\", expected: \"11111111\")","ExecutorUri":"executor://xunit/VsTestRunner2/netcoreapp","Source":"C:\\Users\\komet\\source\\repos\\Debug_Lab6\\Test_Project\\bin\\Debug\\net8.0\\fine-code-coverage\\build-output\\Test_Project.dll","CodeFilePath":null,"LineNumber":0,"Properties":[]},"Attachments":[],"Outcome":2,"ErrorMessage":"Assert.Equal() Failure: Strings differ\r\nExpected: \"11111111\"\r\nActual:   \"1111111111111111111111111111111\"\r\n                   ↑ (pos 8)","ErrorStackTrace":"   at ConverterTests.ToBinary_ShouldReturnCorrectBinary_ForValidInputs(String input, String expected) in C:\\Users\\komet\\source\\repos\\Debug_Lab6\\Test_Project\\Class1.cs:line 23\r\n   at InvokeStub_ConverterTests.ToBinary_ShouldReturnCorrectBinary_ForValidInputs(Object, Span`1)\r\n   at System.Reflection.MethodBaseInvoker.InvokeWithFewArgs(Object obj, BindingFlags invokeAttr, Binder binder, Object[] parameters, CultureInfo culture)","DisplayName":"ConverterTests.ToBinary_ShouldReturnCorrectBinary_ForValidInputs(input: \"2147483647\", expected: \"11111111\")","Messages":[],"ComputerName":"MSI","Duration":"00:00:00.0042609","StartTime":"2024-10-12T05:09:11.1092939+00:00","EndTime":"2024-10-12T05:09:11.1092946+00:00","Properties":[]},{"TestCase":{"Id":"dc97b4f4-e393-6239-f6e8-d65152fb3733","FullyQualifiedName":"ConverterTests.ToBinary_ShouldReturnCorrectBinary_ForValidInputs","DisplayName":"ConverterTests.ToBinary_ShouldReturnCorrectBinary_ForValidInputs(input: \"-2147483647\", expected: \"-11111111 or 11111111111111111111111100000001\")","ExecutorUri":"executor://xunit/VsTestRunner2/netcoreapp","Source":"C:\\Users\\komet\\source\\repos\\Debug_Lab6\\Test_Project\\bin\\Debug\\net8.0\\fine-code-coverage\\build-output\\Test_Project.dll","CodeFilePath":null,"LineNumber":0,"Properties":[]},"Attachments":[],"Outcome":2,"ErrorMessage":"Assert.Equal() Failure: Strings differ\r\n                    ↓ (pos 9)\r\nExpected: \"-11111111 or 1111111111111111111111110000\"···\r\nActual:   \"-1111111111111111111111111111111 or 10000\"···\r\n                    ↑ (pos 9)","ErrorStackTrace":"   at ConverterTests.ToBinary_ShouldReturnCorrectBinary_ForValidInputs(String input, String expected) in C:\\Users\\komet\\source\\repos\\Debug_Lab6\\Test_Project\\Class1.cs:line 23\r\n   at InvokeStub_ConverterTests.ToBinary_ShouldReturnCorrectBinary_ForValidInputs(Object, Span`1)\r\n   at System.Reflection.MethodBaseInvoker.InvokeWithFewArgs(Object obj, BindingFlags invokeAttr, Binder binder, Object[] parameters, CultureInfo culture)","DisplayName":"ConverterTests.ToBinary_ShouldReturnCorrectBinary_ForValidInputs(input: \"-2147483647\", expected: \"-11111111 or 11111111111111111111111100000001\")","Messages":[],"ComputerName":"MSI","Duration":"00:00:00.0008524","StartTime":"2024-10-12T05:09:11.1180564+00:00","EndTime":"2024-10-12T05:09:11.1180565+00:00","Properties":[]},{"TestCase":{"Id":"914156e0-8436-74ec-13e4-e3efca4de5f9","FullyQualifiedName":"ConverterTests.ToBinary_ShouldThrowArgumentException_ForEmptyString","DisplayName":"ConverterTests.ToBinary_ShouldThrowArgumentException_ForEmptyString","ExecutorUri":"executor://xunit/VsTestRunner2/netcoreapp","Source":"C:\\Users\\komet\\source\\repos\\Debug_Lab6\\Test_Project\\bin\\Debug\\net8.0\\fine-code-coverage\\build-output\\Test_Project.dll","CodeFilePath":null,"LineNumber":0,"Properties":[]},"Attachments":[],"Outcome":1,"ErrorMessage":null,"ErrorStackTrace":null,"DisplayName":"ConverterTests.ToBinary_ShouldThrowArgumentException_ForEmptyString","Messages":[],"ComputerName":"MSI","Duration":"00:00:00.0015417","StartTime":"2024-10-12T05:09:11.1224614+00:00","EndTime":"2024-10-12T05:09:11.1224615+00:00","Properties":[]},{"TestCase":{"Id":"dc38f2ce-af68-43e0-2467-c0acdc2e6c31","FullyQualifiedName":"ConverterTests.ToBinary_ShouldThrowArgumentException_ForInvalidString","DisplayName":"ConverterTests.ToBinary_ShouldThrowArgumentException_ForInvalidString","ExecutorUri":"executor://xunit/VsTestRunner2/netcoreapp","Source":"C:\\Users\\komet\\source\\repos\\Debug_Lab6\\Test_Project\\bin\\Debug\\net8.0\\fine-code-coverage\\build-output\\Test_Project.dll","CodeFilePath":null,"LineNumber":0,"Properties":[]},"Attachments":[],"Outcome":1,"ErrorMessage":null,"ErrorStackTrace":null,"DisplayName":"ConverterTests.ToBinary_ShouldThrowArgumentException_ForInvalidString","Messages":[],"ComputerName":"MSI","Duration":"00:00:00.0006254","StartTime":"2024-10-12T05:09:11.1276992+00:00","EndTime":"2024-10-12T05:09:11.1276993+00:00","Properties":[]}],"TestRunStatistics":{"ExecutedTests":8,"Stats":{"Passed":6,"Failed":2}},"ActiveTests":[]},"RunAttachments":[],"ExecutorUris":["executor://xunit/VsTestRunner2/netcoreapp"]}}
TpTrace Verbose: 0 : 604, 14, 2024/10/12, 08:09:11.203, 507961944439, vstest.console.dll, TestRequestSender.EndSession: Sending end session.
TpTrace Verbose: 0 : 604, 14, 2024/10/12, 08:09:11.203, 507961946700, vstest.console.dll, ProxyOperationManager.Close: waiting for test host to exit for 100 ms
TpTrace Warning: 0 : 604, 12, 2024/10/12, 08:09:11.237, 507962282006, vstest.console.dll, TestHostManagerCallbacks.ErrorReceivedCallback Test host standard error line: 
TpTrace Verbose: 0 : 604, 7, 2024/10/12, 08:09:11.237, 507962282007, vstest.console.dll, TestHostManagerCallbacks.StandardOutputReceivedCallback Test host standard output line: 
TpTrace Verbose: 0 : 604, 7, 2024/10/12, 08:09:11.247, 507962378941, vstest.console.dll, TestHostProvider.ExitCallBack: Host exited starting callback.
TpTrace Information: 0 : 604, 7, 2024/10/12, 08:09:11.247, 507962380760, vstest.console.dll, TestHostManagerCallbacks.ExitCallBack: Testhost processId: 1752 exited with exitcode: 0 error: ''
TpTrace Verbose: 0 : 604, 7, 2024/10/12, 08:09:11.247, 507962381175, vstest.console.dll, DotnetTestHostManager.OnHostExited: invoking OnHostExited callback
TpTrace Verbose: 0 : 604, 7, 2024/10/12, 08:09:11.247, 507962381709, vstest.console.dll, CrossPlatEngine.TestHostManagerHostExited: calling on client process exit callback.
TpTrace Information: 0 : 604, 7, 2024/10/12, 08:09:11.247, 507962382289, vstest.console.dll, TestRequestSender.OnClientProcessExit: Test host process exited. Standard error: 
TpTrace Information: 0 : 604, 7, 2024/10/12, 08:09:11.247, 507962382683, vstest.console.dll, SocketServer.Stop: Stop server endPoint: 127.0.0.1:52517
TpTrace Information: 0 : 604, 7, 2024/10/12, 08:09:11.247, 507962382950, vstest.console.dll, SocketServer.Stop: Cancellation requested. Stopping message loop.
TpTrace Information: 0 : 604, 14, 2024/10/12, 08:09:11.247, 507962383688, vstest.console.dll, SocketServer.Stop: Stop server endPoint: 127.0.0.1:52517
TpTrace Verbose: 0 : 604, 7, 2024/10/12, 08:09:11.247, 507962384061, vstest.console.dll, MulticastDelegateUtilities.SafeInvoke: HostProviderEvents.OnHostExited: Invoking callback 1/1 for Microsoft.VisualStudio.TestPlatform.CrossPlatEngine.Client.ProxyOperationManager., took 0 ms.
TpTrace Information: 0 : 604, 14, 2024/10/12, 08:09:11.247, 507962385041, vstest.console.dll, SocketServer.Stop: Cancellation requested. Stopping message loop.
TpTrace Information: 0 : 604, 14, 2024/10/12, 08:09:11.247, 507962387823, vstest.console.dll, Closing the connection
TpTrace Verbose: 0 : 604, 14, 2024/10/12, 08:09:11.248, 507962390770, vstest.console.dll, ProxyDataCollectionManager.InvokeDataCollectionServiceAction: Starting.
TpTrace Information: 0 : 604, 14, 2024/10/12, 08:09:11.248, 507962391399, vstest.console.dll, ProxyDataCollectionManager.AfterTestRunEnd: Get attachment set and invoked data collectors processId: 13652 port: 52513
TpTrace Verbose: 0 : 604, 14, 2024/10/12, 08:09:11.248, 507962392084, vstest.console.dll, DataCollectionRequestSender.SendAfterTestRunStartAndGetResult: Send AfterTestRunEnd message with isCancelled: False
TpTrace Verbose: 0 : 604, 14, 2024/10/12, 08:09:11.257, 507962481460, vstest.console.dll, DataCollectionRequestSender.SendAfterTestRunStartAndGetResult: Received message: (DataCollection.AfterTestRunEndResult) -> {"MessageType":"DataCollection.AfterTestRunEndResult","Payload":{"AttachmentSets":[],"InvokedDataCollectors":[{"Uri":"datacollector://Microsoft/TestPlatform/Extensions/Blame/v1","FriendlyName":"Blame","AssemblyQualifiedName":"Microsoft.TestPlatform.Extensions.BlameDataCollector.BlameCollector, Microsoft.TestPlatform.Extensions.BlameDataCollector, Version=15.0.0.0, Culture=neutral, PublicKeyToken=b03f5f7f11d50a3a","FilePath":"C:\\Program Files\\dotnet\\sdk\\8.0.400\\Extensions\\Microsoft.TestPlatform.Extensions.BlameDataCollector.dll","HasAttachmentProcessor":false}],"Metrics":{}}}
TpTrace Warning: 0 : 604, 10, 2024/10/12, 08:09:11.262, 507962529059, vstest.console.dll, DataCollectionLauncher.ErrorReceivedCallback datacollector standard error line: 
TpTrace Information: 0 : 604, 14, 2024/10/12, 08:09:11.266, 507962570775, vstest.console.dll, ProxyDataCollectionManager.InvokeDataCollectionServiceAction: Completed.
TpTrace Information: 0 : 604, 10, 2024/10/12, 08:09:11.268, 507962594831, vstest.console.dll, DataCollectionLauncher.ExitCallBack: Data collector exited with exitcode: 0 error: ''
TpTrace Verbose: 0 : 604, 14, 2024/10/12, 08:09:11.339, 507963301738, vstest.console.dll, TestRunRequest:SendTestRunStatsChange: Starting.
TpTrace Verbose: 0 : 604, 14, 2024/10/12, 08:09:11.339, 507963304960, vstest.console.dll, MulticastDelegateUtilities.SafeInvoke: TestRun.RunStatsChanged: Invoking callbacks was skipped because there are no subscribers.
TpTrace Information: 0 : 604, 14, 2024/10/12, 08:09:11.339, 507963305412, vstest.console.dll, TestRunRequest:SendTestRunStatsChange: Completed.
TpTrace Verbose: 0 : 604, 14, 2024/10/12, 08:09:11.340, 507963308749, vstest.console.dll, ParallelProxyExecutionManager: HandlePartialRunComplete: Total workloads = 1, Total started clients = 1 Total completed clients = 1, Run complete = True, Run canceled: False.
TpTrace Verbose: 0 : 604, 14, 2024/10/12, 08:09:11.340, 507963309197, vstest.console.dll, ParallelProxyExecutionManager: HandlePartialRunComplete: All runs completed stopping all managers.
TpTrace Verbose: 0 : 604, 14, 2024/10/12, 08:09:11.340, 507963309586, vstest.console.dll, ParallelOperationManager.StopAllManagers: Stopping all managers.
TpTrace Verbose: 0 : 604, 14, 2024/10/12, 08:09:11.340, 507963309897, vstest.console.dll, ParallelOperationManager.ClearSlots: Clearing all slots. Slots should accept more work: False
TpTrace Verbose: 0 : 604, 14, 2024/10/12, 08:09:11.340, 507963310327, vstest.console.dll, ParallelOperationManager.SetOccupiedSlotCount: Setting slot counts AvailableSlotCount = 1, OccupiedSlotCount = 0.
TpTrace Verbose: 0 : 604, 14, 2024/10/12, 08:09:11.340, 507963310896, vstest.console.dll, Occupied slots:

TpTrace Verbose: 0 : 604, 4, 2024/10/12, 08:09:11.342, 507963330902, vstest.console.dll, MulticastDelegateUtilities.SafeInvoke: InternalTestLoggerEvents.SendTestResult: Invoking callback 1/1 for Microsoft.VisualStudio.TestPlatform.CommandLine.Internal.ConsoleLogger., took 2 ms.
TpTrace Verbose: 0 : 604, 4, 2024/10/12, 08:09:11.342, 507963335424, vstest.console.dll, MulticastDelegateUtilities.SafeInvoke: InternalTestLoggerEvents.SendTestResult: Invoking callback 1/1 for Microsoft.VisualStudio.TestPlatform.CommandLine.Internal.ConsoleLogger., took 0 ms.
TpTrace Verbose: 0 : 604, 4, 2024/10/12, 08:09:11.342, 507963336580, vstest.console.dll, MulticastDelegateUtilities.SafeInvoke: InternalTestLoggerEvents.SendTestResult: Invoking callback 1/1 for Microsoft.VisualStudio.TestPlatform.CommandLine.Internal.ConsoleLogger., took 0 ms.
TpTrace Verbose: 0 : 604, 4, 2024/10/12, 08:09:11.342, 507963337085, vstest.console.dll, MulticastDelegateUtilities.SafeInvoke: InternalTestLoggerEvents.SendTestResult: Invoking callback 1/1 for Microsoft.VisualStudio.TestPlatform.CommandLine.Internal.ConsoleLogger., took 0 ms.
TpTrace Verbose: 0 : 604, 4, 2024/10/12, 08:09:11.343, 507963343616, vstest.console.dll, MulticastDelegateUtilities.SafeInvoke: InternalTestLoggerEvents.SendTestResult: Invoking callback 1/1 for Microsoft.VisualStudio.TestPlatform.CommandLine.Internal.ConsoleLogger., took 0 ms.
TpTrace Verbose: 0 : 604, 4, 2024/10/12, 08:09:11.343, 507963347828, vstest.console.dll, MulticastDelegateUtilities.SafeInvoke: InternalTestLoggerEvents.SendTestResult: Invoking callback 1/1 for Microsoft.VisualStudio.TestPlatform.CommandLine.Internal.ConsoleLogger., took 0 ms.
TpTrace Verbose: 0 : 604, 4, 2024/10/12, 08:09:11.344, 507963350134, vstest.console.dll, MulticastDelegateUtilities.SafeInvoke: InternalTestLoggerEvents.SendTestResult: Invoking callback 1/1 for Microsoft.VisualStudio.TestPlatform.CommandLine.Internal.ConsoleLogger., took 0 ms.
TpTrace Verbose: 0 : 604, 4, 2024/10/12, 08:09:11.344, 507963352347, vstest.console.dll, MulticastDelegateUtilities.SafeInvoke: InternalTestLoggerEvents.SendTestResult: Invoking callback 1/1 for Microsoft.VisualStudio.TestPlatform.CommandLine.Internal.ConsoleLogger., took 0 ms.
TpTrace Verbose: 0 : 604, 4, 2024/10/12, 08:09:11.350, 507963415143, vstest.console.dll, MulticastDelegateUtilities.SafeInvoke: InternalTestLoggerEvents.SendTestRunComplete: Invoking callback 1/2 for Microsoft.TestPlatform.Extensions.BlameDataCollector.BlameLogger., took 0 ms.
TpTrace Verbose: 0 : 604, 4, 2024/10/12, 08:09:11.357, 507963480122, vstest.console.dll, MulticastDelegateUtilities.SafeInvoke: InternalTestLoggerEvents.SendTestRunComplete: Invoking callback 2/2 for Microsoft.VisualStudio.TestPlatform.CommandLine.Internal.ConsoleLogger., took 6 ms.
TpTrace Verbose: 0 : 604, 14, 2024/10/12, 08:09:11.357, 507963484359, vstest.console.dll, TestRunRequest:TestRunComplete: Starting. IsAborted:False IsCanceled:False.
TpTrace Verbose: 0 : 604, 14, 2024/10/12, 08:09:11.357, 507963486473, vstest.console.dll, ParallelOperationManager.DoActionOnAllManagers: Calling an action on all managers.
TpTrace Verbose: 0 : 604, 14, 2024/10/12, 08:09:11.359, 507963501119, vstest.console.dll, TestLoggerManager.HandleTestRunComplete: Ignoring as the object is disposed.
TpTrace Verbose: 0 : 604, 14, 2024/10/12, 08:09:11.359, 507963504754, vstest.console.dll, MulticastDelegateUtilities.SafeInvoke: TestRun.TestRunComplete: Invoking callback 1/2 for Microsoft.VisualStudio.TestPlatform.CommandLine.TestRunResultAggregator., took 0 ms.
TpTrace Verbose: 0 : 604, 14, 2024/10/12, 08:09:11.359, 507963506115, vstest.console.dll, MulticastDelegateUtilities.SafeInvoke: TestRun.TestRunComplete: Invoking callback 2/2 for Microsoft.VisualStudio.TestPlatform.CommandLine.Processors.RunTestsArgumentExecutor+TestRunRequestEventsRegistrar., took 0 ms.
TpTrace Information: 0 : 604, 14, 2024/10/12, 08:09:11.359, 507963507388, vstest.console.dll, TestRunRequest:TestRunComplete: Completed.
TpTrace Verbose: 0 : 604, 14, 2024/10/12, 08:09:11.359, 507963507861, vstest.console.dll, TestRequestSender.SetOperationComplete: Setting operation complete.
TpTrace Information: 0 : 604, 14, 2024/10/12, 08:09:11.359, 507963508270, vstest.console.dll, SocketServer.Stop: Stop server endPoint: 127.0.0.1:52517
TpTrace Information: 0 : 604, 14, 2024/10/12, 08:09:11.360, 507963508623, vstest.console.dll, SocketServer.Stop: Cancellation requested. Stopping message loop.
TpTrace Verbose: 0 : 604, 1, 2024/10/12, 08:09:11.360, 507963508744, vstest.console.dll, TestRunRequest.Dispose: Starting.
TpTrace Verbose: 0 : 604, 14, 2024/10/12, 08:09:11.360, 507963509127, vstest.console.dll, MulticastDelegateUtilities.SafeInvoke: LengthPrefixCommunicationChannel: MessageReceived: Invoking callback 1/1 for Microsoft.VisualStudio.TestPlatform.CommunicationUtilities.TestRequestSender+<>c__DisplayClass34_0., took 156 ms.
TpTrace Information: 0 : 604, 1, 2024/10/12, 08:09:11.360, 507963510478, vstest.console.dll, TestRunRequest.Dispose: Completed.
TpTrace Information: 0 : 604, 14, 2024/10/12, 08:09:11.360, 507963510831, vstest.console.dll, SocketServer.PrivateStop: Stopping server endPoint: 127.0.0.1:52517 error: 
TpTrace Information: 0 : 604, 1, 2024/10/12, 08:09:11.360, 507963511418, vstest.console.dll, TestRequestManager.RunTests: run tests completed.
TpTrace Information: 0 : 604, 1, 2024/10/12, 08:09:11.360, 507963512699, vstest.console.dll, RunTestsArgumentProcessor:Execute: Test run is completed.
TpTrace Verbose: 0 : 604, 14, 2024/10/12, 08:09:11.360, 507963516441, vstest.console.dll, LengthPrefixCommunicationChannel.Dispose: Dispose reader and writer.
TpTrace Verbose: 0 : 604, 1, 2024/10/12, 08:09:11.360, 507963516603, vstest.console.dll, Executor.Execute: Exiting with exit code of 1
TpTrace Information: 0 : 604, 14, 2024/10/12, 08:09:11.360, 507963517486, vstest.console.dll, SocketServer.Stop: Raise disconnected event endPoint: 127.0.0.1:52517 error: 
TpTrace Verbose: 0 : 604, 14, 2024/10/12, 08:09:11.361, 507963521453, vstest.console.dll, TestRequestSender: OnTestRunAbort: Operation is already complete. Skip error message.
TpTrace Verbose: 0 : 604, 14, 2024/10/12, 08:09:11.361, 507963522161, vstest.console.dll, MulticastDelegateUtilities.SafeInvoke: SocketServer: ClientDisconnected: Invoking callback 1/1 for Microsoft.VisualStudio.TestPlatform.CommunicationUtilities.TestRequestSender., took 0 ms.
TpTrace Verbose: 0 : 604, 14, 2024/10/12, 08:09:11.361, 507963522506, vstest.console.dll, TcpClientExtensions.MessageLoopAsync: exiting MessageLoopAsync remoteEndPoint: 127.0.0.1:52518 localEndPoint: 127.0.0.1:52517
